2023-12-10T00:01:01.909+08:00  INFO 326992 --- [SpringApplicationShutdownHook] j.LocalContainerEntityManagerFactoryBean : Closing JPA EntityManagerFactory for persistence unit 'default'
2023-12-10T00:01:01.912+08:00  INFO 326992 --- [SpringApplicationShutdownHook] com.zaxxer.hikari.HikariDataSource       : HikariPool-2 - Shutdown initiated...
2023-12-10T00:01:01.923+08:00  INFO 326992 --- [SpringApplicationShutdownHook] com.zaxxer.hikari.HikariDataSource       : HikariPool-2 - Shutdown completed.
2023-12-10T00:16:56.247+08:00  INFO 359577 --- [restartedMain] c.e.l.LibrarybookingsystemApplication    : Starting LibrarybookingsystemApplication using Java 17.0.8 with PID 359577 (/home/linux/NTU/SCTP Java Projects/copyout/librarybookingsystem/target/classes started by linux in /home/linux/NTU/SCTP Java Projects/copyout/librarybookingsystem)
2023-12-10T00:16:56.253+08:00  INFO 359577 --- [restartedMain] c.e.l.LibrarybookingsystemApplication    : The following 1 profile is active: "dev"
2023-12-10T00:16:56.342+08:00  INFO 359577 --- [restartedMain] .e.DevToolsPropertyDefaultsPostProcessor : Devtools property defaults active! Set 'spring.devtools.add-properties' to 'false' to disable
2023-12-10T00:16:56.342+08:00  INFO 359577 --- [restartedMain] .e.DevToolsPropertyDefaultsPostProcessor : For additional web related logging consider setting the 'logging.level.web' property to 'DEBUG'
2023-12-10T00:16:57.663+08:00  INFO 359577 --- [restartedMain] .s.d.r.c.RepositoryConfigurationDelegate : Bootstrapping Spring Data JPA repositories in DEFAULT mode.
2023-12-10T00:16:57.760+08:00  INFO 359577 --- [restartedMain] .s.d.r.c.RepositoryConfigurationDelegate : Finished Spring Data repository scanning in 84 ms. Found 2 JPA repository interfaces.
2023-12-10T00:16:58.676+08:00  INFO 359577 --- [restartedMain] o.s.b.w.embedded.tomcat.TomcatWebServer  : Tomcat initialized with port(s): 8080 (http)
2023-12-10T00:16:58.690+08:00  INFO 359577 --- [restartedMain] o.apache.catalina.core.StandardService   : Starting service [Tomcat]
2023-12-10T00:16:58.691+08:00  INFO 359577 --- [restartedMain] o.apache.catalina.core.StandardEngine    : Starting Servlet engine: [Apache Tomcat/10.1.16]
2023-12-10T00:16:58.772+08:00  INFO 359577 --- [restartedMain] o.a.c.c.C.[Tomcat].[localhost].[/]       : Initializing Spring embedded WebApplicationContext
2023-12-10T00:16:58.773+08:00  INFO 359577 --- [restartedMain] w.s.c.ServletWebServerApplicationContext : Root WebApplicationContext: initialization completed in 2430 ms
2023-12-10T00:16:59.163+08:00  INFO 359577 --- [restartedMain] o.hibernate.jpa.internal.util.LogHelper  : HHH000204: Processing PersistenceUnitInfo [name: default]
2023-12-10T00:16:59.234+08:00  INFO 359577 --- [restartedMain] org.hibernate.Version                    : HHH000412: Hibernate ORM core version 6.2.13.Final
2023-12-10T00:16:59.236+08:00  INFO 359577 --- [restartedMain] org.hibernate.cfg.Environment            : HHH000406: Using bytecode reflection optimizer
2023-12-10T00:16:59.604+08:00  INFO 359577 --- [restartedMain] o.s.o.j.p.SpringPersistenceUnitInfo      : No LoadTimeWeaver setup: ignoring JPA class transformer
2023-12-10T00:16:59.652+08:00  INFO 359577 --- [restartedMain] com.zaxxer.hikari.HikariDataSource       : HikariPool-1 - Starting...
2023-12-10T00:17:00.153+08:00  INFO 359577 --- [restartedMain] com.zaxxer.hikari.pool.HikariPool        : HikariPool-1 - Added connection org.postgresql.jdbc.PgConnection@36abc850
2023-12-10T00:17:00.155+08:00  INFO 359577 --- [restartedMain] com.zaxxer.hikari.HikariDataSource       : HikariPool-1 - Start completed.
2023-12-10T00:17:00.200+08:00  WARN 359577 --- [restartedMain] org.hibernate.orm.deprecation            : HHH90000025: PostgreSQLDialect does not need to be specified explicitly using 'hibernate.dialect' (remove the property setting and it will be selected by default)
2023-12-10T00:17:01.322+08:00  INFO 359577 --- [restartedMain] o.h.e.t.j.p.i.JtaPlatformInitiator       : HHH000489: No JTA platform available (set 'hibernate.transaction.jta.platform' to enable JTA platform integration)
2023-12-10T00:17:01.431+08:00  INFO 359577 --- [restartedMain] j.LocalContainerEntityManagerFactoryBean : Initialized JPA EntityManagerFactory for persistence unit 'default'
2023-12-10T00:17:02.233+08:00  WARN 359577 --- [restartedMain] JpaBaseConfiguration$JpaWebConfiguration : spring.jpa.open-in-view is enabled by default. Therefore, database queries may be performed during view rendering. Explicitly configure spring.jpa.open-in-view to disable this warning
2023-12-10T00:17:02.631+08:00  INFO 359577 --- [restartedMain] o.s.s.web.DefaultSecurityFilterChain     : Will secure any request with [org.springframework.security.web.session.DisableEncodeUrlFilter@425af58f, org.springframework.security.web.context.request.async.WebAsyncManagerIntegrationFilter@46fb1579, org.springframework.security.web.context.SecurityContextHolderFilter@31cdad47, org.springframework.security.web.header.HeaderWriterFilter@149d0831, org.springframework.security.web.authentication.logout.LogoutFilter@8bc9e7d, org.springframework.security.web.authentication.www.BasicAuthenticationFilter@564a5de0, org.springframework.security.web.savedrequest.RequestCacheAwareFilter@3351b7ae, org.springframework.security.web.servletapi.SecurityContextHolderAwareRequestFilter@58ec112c, org.springframework.security.web.authentication.AnonymousAuthenticationFilter@771882f6, org.springframework.security.web.access.ExceptionTranslationFilter@5f0479b2, org.springframework.security.web.access.intercept.AuthorizationFilter@54129f63]
2023-12-10T00:17:03.438+08:00  INFO 359577 --- [restartedMain] o.s.b.d.a.OptionalLiveReloadServer       : LiveReload server is running on port 35729
2023-12-10T00:17:03.450+08:00  INFO 359577 --- [restartedMain] o.s.b.a.e.web.EndpointLinksResolver      : Exposing 1 endpoint(s) beneath base path '/actuator'
2023-12-10T00:17:03.594+08:00  INFO 359577 --- [restartedMain] o.s.b.w.embedded.tomcat.TomcatWebServer  : Tomcat started on port(s): 8080 (http) with context path ''
2023-12-10T00:17:03.620+08:00  INFO 359577 --- [restartedMain] c.e.l.LibrarybookingsystemApplication    : Started LibrarybookingsystemApplication in 7.831 seconds (process running for 8.249)
2023-12-10T00:17:05.511+08:00  INFO 359577 --- [RMI TCP Connection(1)-127.0.0.1] o.a.c.c.C.[Tomcat].[localhost].[/]       : Initializing Spring DispatcherServlet 'dispatcherServlet'
2023-12-10T00:17:05.511+08:00  INFO 359577 --- [RMI TCP Connection(1)-127.0.0.1] o.s.web.servlet.DispatcherServlet        : Initializing Servlet 'dispatcherServlet'
2023-12-10T00:17:05.513+08:00  INFO 359577 --- [RMI TCP Connection(1)-127.0.0.1] o.s.web.servlet.DispatcherServlet        : Completed initialization in 0 ms
2023-12-10T00:18:47.410+08:00 ERROR 359577 --- [http-nio-8080-exec-6] o.a.c.c.C.[.[.[/].[dispatcherServlet]    : Servlet.service() for servlet [dispatcherServlet] in context with path [] threw exception [Request processing failed: org.springframework.transaction.TransactionSystemException: Could not commit JPA transaction] with root cause

jakarta.validation.ConstraintViolationException: Validation failed for classes [com.example.librarybookingsystem.entities.Learner] during update time for groups [jakarta.validation.groups.Default, ]
List of constraint violations:[
	ConstraintViolationImpl{interpolatedMessage='First name is mandatory', propertyPath=firstName, rootBeanClass=class com.example.librarybookingsystem.entities.Learner, messageTemplate='First name is mandatory'}
]
	at org.hibernate.boot.beanvalidation.BeanValidationEventListener.validate(BeanValidationEventListener.java:151) ~[hibernate-core-6.2.13.Final.jar:6.2.13.Final]
	at org.hibernate.boot.beanvalidation.BeanValidationEventListener.onPreUpdate(BeanValidationEventListener.java:92) ~[hibernate-core-6.2.13.Final.jar:6.2.13.Final]
	at org.hibernate.action.internal.EntityUpdateAction.preUpdate(EntityUpdateAction.java:329) ~[hibernate-core-6.2.13.Final.jar:6.2.13.Final]
	at org.hibernate.action.internal.EntityUpdateAction.execute(EntityUpdateAction.java:159) ~[hibernate-core-6.2.13.Final.jar:6.2.13.Final]
	at org.hibernate.engine.spi.ActionQueue.executeActions(ActionQueue.java:635) ~[hibernate-core-6.2.13.Final.jar:6.2.13.Final]
	at org.hibernate.engine.spi.ActionQueue.executeActions(ActionQueue.java:502) ~[hibernate-core-6.2.13.Final.jar:6.2.13.Final]
	at org.hibernate.event.internal.AbstractFlushingEventListener.performExecutions(AbstractFlushingEventListener.java:364) ~[hibernate-core-6.2.13.Final.jar:6.2.13.Final]
	at org.hibernate.event.internal.DefaultFlushEventListener.onFlush(DefaultFlushEventListener.java:39) ~[hibernate-core-6.2.13.Final.jar:6.2.13.Final]
	at org.hibernate.event.service.internal.EventListenerGroupImpl.fireEventOnEachListener(EventListenerGroupImpl.java:127) ~[hibernate-core-6.2.13.Final.jar:6.2.13.Final]
	at org.hibernate.internal.SessionImpl.doFlush(SessionImpl.java:1412) ~[hibernate-core-6.2.13.Final.jar:6.2.13.Final]
	at org.hibernate.internal.SessionImpl.managedFlush(SessionImpl.java:485) ~[hibernate-core-6.2.13.Final.jar:6.2.13.Final]
	at org.hibernate.internal.SessionImpl.flushBeforeTransactionCompletion(SessionImpl.java:2301) ~[hibernate-core-6.2.13.Final.jar:6.2.13.Final]
	at org.hibernate.internal.SessionImpl.beforeTransactionCompletion(SessionImpl.java:1966) ~[hibernate-core-6.2.13.Final.jar:6.2.13.Final]
	at org.hibernate.engine.jdbc.internal.JdbcCoordinatorImpl.beforeTransactionCompletion(JdbcCoordinatorImpl.java:439) ~[hibernate-core-6.2.13.Final.jar:6.2.13.Final]
	at org.hibernate.resource.transaction.backend.jdbc.internal.JdbcResourceLocalTransactionCoordinatorImpl.beforeCompletionCallback(JdbcResourceLocalTransactionCoordinatorImpl.java:169) ~[hibernate-core-6.2.13.Final.jar:6.2.13.Final]
	at org.hibernate.resource.transaction.backend.jdbc.internal.JdbcResourceLocalTransactionCoordinatorImpl$TransactionDriverControlImpl.commit(JdbcResourceLocalTransactionCoordinatorImpl.java:267) ~[hibernate-core-6.2.13.Final.jar:6.2.13.Final]
	at org.hibernate.engine.transaction.internal.TransactionImpl.commit(TransactionImpl.java:101) ~[hibernate-core-6.2.13.Final.jar:6.2.13.Final]
	at org.springframework.orm.jpa.JpaTransactionManager.doCommit(JpaTransactionManager.java:561) ~[spring-orm-6.0.15-SNAPSHOT.jar:6.0.15-SNAPSHOT]
	at org.springframework.transaction.support.AbstractPlatformTransactionManager.processCommit(AbstractPlatformTransactionManager.java:743) ~[spring-tx-6.0.15-SNAPSHOT.jar:6.0.15-SNAPSHOT]
	at org.springframework.transaction.support.AbstractPlatformTransactionManager.commit(AbstractPlatformTransactionManager.java:711) ~[spring-tx-6.0.15-SNAPSHOT.jar:6.0.15-SNAPSHOT]
	at org.springframework.transaction.interceptor.TransactionAspectSupport.commitTransactionAfterReturning(TransactionAspectSupport.java:660) ~[spring-tx-6.0.15-SNAPSHOT.jar:6.0.15-SNAPSHOT]
	at org.springframework.transaction.interceptor.TransactionAspectSupport.invokeWithinTransaction(TransactionAspectSupport.java:410) ~[spring-tx-6.0.15-SNAPSHOT.jar:6.0.15-SNAPSHOT]
	at org.springframework.transaction.interceptor.TransactionInterceptor.invoke(TransactionInterceptor.java:119) ~[spring-tx-6.0.15-SNAPSHOT.jar:6.0.15-SNAPSHOT]
	at org.springframework.aop.framework.ReflectiveMethodInvocation.proceed(ReflectiveMethodInvocation.java:184) ~[spring-aop-6.0.15-SNAPSHOT.jar:6.0.15-SNAPSHOT]
	at org.springframework.dao.support.PersistenceExceptionTranslationInterceptor.invoke(PersistenceExceptionTranslationInterceptor.java:137) ~[spring-tx-6.0.15-SNAPSHOT.jar:6.0.15-SNAPSHOT]
	at org.springframework.aop.framework.ReflectiveMethodInvocation.proceed(ReflectiveMethodInvocation.java:184) ~[spring-aop-6.0.15-SNAPSHOT.jar:6.0.15-SNAPSHOT]
	at org.springframework.data.jpa.repository.support.CrudMethodMetadataPostProcessor$CrudMethodMetadataPopulatingMethodInterceptor.invoke(CrudMethodMetadataPostProcessor.java:164) ~[spring-data-jpa-3.1.7-SNAPSHOT.jar:3.1.7-SNAPSHOT]
	at org.springframework.aop.framework.ReflectiveMethodInvocation.proceed(ReflectiveMethodInvocation.java:184) ~[spring-aop-6.0.15-SNAPSHOT.jar:6.0.15-SNAPSHOT]
	at org.springframework.aop.interceptor.ExposeInvocationInterceptor.invoke(ExposeInvocationInterceptor.java:97) ~[spring-aop-6.0.15-SNAPSHOT.jar:6.0.15-SNAPSHOT]
	at org.springframework.aop.framework.ReflectiveMethodInvocation.proceed(ReflectiveMethodInvocation.java:184) ~[spring-aop-6.0.15-SNAPSHOT.jar:6.0.15-SNAPSHOT]
	at org.springframework.aop.framework.JdkDynamicAopProxy.invoke(JdkDynamicAopProxy.java:244) ~[spring-aop-6.0.15-SNAPSHOT.jar:6.0.15-SNAPSHOT]
	at jdk.proxy4/jdk.proxy4.$Proxy142.save(Unknown Source) ~[na:na]
	at com.example.librarybookingsystem.serviceimpls.LearnerServiceImpl.updateLearner(LearnerServiceImpl.java:48) ~[classes/:na]
	at com.example.librarybookingsystem.controllers.LearnerController.updateUser(LearnerController.java:57) ~[classes/:na]
	at java.base/jdk.internal.reflect.NativeMethodAccessorImpl.invoke0(Native Method) ~[na:na]
	at java.base/jdk.internal.reflect.NativeMethodAccessorImpl.invoke(NativeMethodAccessorImpl.java:77) ~[na:na]
	at java.base/jdk.internal.reflect.DelegatingMethodAccessorImpl.invoke(DelegatingMethodAccessorImpl.java:43) ~[na:na]
	at java.base/java.lang.reflect.Method.invoke(Method.java:568) ~[na:na]
	at org.springframework.web.method.support.InvocableHandlerMethod.doInvoke(InvocableHandlerMethod.java:205) ~[spring-web-6.0.15-SNAPSHOT.jar:6.0.15-SNAPSHOT]
	at org.springframework.web.method.support.InvocableHandlerMethod.invokeForRequest(InvocableHandlerMethod.java:150) ~[spring-web-6.0.15-SNAPSHOT.jar:6.0.15-SNAPSHOT]
	at org.springframework.web.servlet.mvc.method.annotation.ServletInvocableHandlerMethod.invokeAndHandle(ServletInvocableHandlerMethod.java:118) ~[spring-webmvc-6.0.15-SNAPSHOT.jar:6.0.15-SNAPSHOT]
	at org.springframework.web.servlet.mvc.method.annotation.RequestMappingHandlerAdapter.invokeHandlerMethod(RequestMappingHandlerAdapter.java:884) ~[spring-webmvc-6.0.15-SNAPSHOT.jar:6.0.15-SNAPSHOT]
	at org.springframework.web.servlet.mvc.method.annotation.RequestMappingHandlerAdapter.handleInternal(RequestMappingHandlerAdapter.java:797) ~[spring-webmvc-6.0.15-SNAPSHOT.jar:6.0.15-SNAPSHOT]
	at org.springframework.web.servlet.mvc.method.AbstractHandlerMethodAdapter.handle(AbstractHandlerMethodAdapter.java:87) ~[spring-webmvc-6.0.15-SNAPSHOT.jar:6.0.15-SNAPSHOT]
	at org.springframework.web.servlet.DispatcherServlet.doDispatch(DispatcherServlet.java:1081) ~[spring-webmvc-6.0.15-SNAPSHOT.jar:6.0.15-SNAPSHOT]
	at org.springframework.web.servlet.DispatcherServlet.doService(DispatcherServlet.java:974) ~[spring-webmvc-6.0.15-SNAPSHOT.jar:6.0.15-SNAPSHOT]
	at org.springframework.web.servlet.FrameworkServlet.processRequest(FrameworkServlet.java:1014) ~[spring-webmvc-6.0.15-SNAPSHOT.jar:6.0.15-SNAPSHOT]
	at org.springframework.web.servlet.FrameworkServlet.doPut(FrameworkServlet.java:925) ~[spring-webmvc-6.0.15-SNAPSHOT.jar:6.0.15-SNAPSHOT]
	at jakarta.servlet.http.HttpServlet.service(HttpServlet.java:593) ~[tomcat-embed-core-10.1.16.jar:6.0]
	at org.springframework.web.servlet.FrameworkServlet.service(FrameworkServlet.java:885) ~[spring-webmvc-6.0.15-SNAPSHOT.jar:6.0.15-SNAPSHOT]
	at jakarta.servlet.http.HttpServlet.service(HttpServlet.java:658) ~[tomcat-embed-core-10.1.16.jar:6.0]
	at org.apache.catalina.core.ApplicationFilterChain.internalDoFilter(ApplicationFilterChain.java:205) ~[tomcat-embed-core-10.1.16.jar:10.1.16]
	at org.apache.catalina.core.ApplicationFilterChain.doFilter(ApplicationFilterChain.java:149) ~[tomcat-embed-core-10.1.16.jar:10.1.16]
	at org.apache.tomcat.websocket.server.WsFilter.doFilter(WsFilter.java:51) ~[tomcat-embed-websocket-10.1.16.jar:10.1.16]
	at org.apache.catalina.core.ApplicationFilterChain.internalDoFilter(ApplicationFilterChain.java:174) ~[tomcat-embed-core-10.1.16.jar:10.1.16]
	at org.apache.catalina.core.ApplicationFilterChain.doFilter(ApplicationFilterChain.java:149) ~[tomcat-embed-core-10.1.16.jar:10.1.16]
	at org.springframework.security.web.FilterChainProxy.lambda$doFilterInternal$3(FilterChainProxy.java:231) ~[spring-security-web-6.1.6-SNAPSHOT.jar:6.1.6-SNAPSHOT]
	at org.springframework.security.web.ObservationFilterChainDecorator$FilterObservation$SimpleFilterObservation.lambda$wrap$1(ObservationFilterChainDecorator.java:479) ~[spring-security-web-6.1.6-SNAPSHOT.jar:6.1.6-SNAPSHOT]
	at org.springframework.security.web.ObservationFilterChainDecorator$AroundFilterObservation$SimpleAroundFilterObservation.lambda$wrap$1(ObservationFilterChainDecorator.java:340) ~[spring-security-web-6.1.6-SNAPSHOT.jar:6.1.6-SNAPSHOT]
	at org.springframework.security.web.ObservationFilterChainDecorator.lambda$wrapSecured$0(ObservationFilterChainDecorator.java:82) ~[spring-security-web-6.1.6-SNAPSHOT.jar:6.1.6-SNAPSHOT]
	at org.springframework.security.web.ObservationFilterChainDecorator$VirtualFilterChain.doFilter(ObservationFilterChainDecorator.java:128) ~[spring-security-web-6.1.6-SNAPSHOT.jar:6.1.6-SNAPSHOT]
	at org.springframework.security.web.access.intercept.AuthorizationFilter.doFilter(AuthorizationFilter.java:100) ~[spring-security-web-6.1.6-SNAPSHOT.jar:6.1.6-SNAPSHOT]
	at org.springframework.security.web.ObservationFilterChainDecorator$ObservationFilter.wrapFilter(ObservationFilterChainDecorator.java:240) ~[spring-security-web-6.1.6-SNAPSHOT.jar:6.1.6-SNAPSHOT]
	at org.springframework.security.web.ObservationFilterChainDecorator$ObservationFilter.doFilter(ObservationFilterChainDecorator.java:227) ~[spring-security-web-6.1.6-SNAPSHOT.jar:6.1.6-SNAPSHOT]
	at org.springframework.security.web.ObservationFilterChainDecorator$VirtualFilterChain.doFilter(ObservationFilterChainDecorator.java:137) ~[spring-security-web-6.1.6-SNAPSHOT.jar:6.1.6-SNAPSHOT]
	at org.springframework.security.web.access.ExceptionTranslationFilter.doFilter(ExceptionTranslationFilter.java:126) ~[spring-security-web-6.1.6-SNAPSHOT.jar:6.1.6-SNAPSHOT]
	at org.springframework.security.web.access.ExceptionTranslationFilter.doFilter(ExceptionTranslationFilter.java:120) ~[spring-security-web-6.1.6-SNAPSHOT.jar:6.1.6-SNAPSHOT]
	at org.springframework.security.web.ObservationFilterChainDecorator$ObservationFilter.wrapFilter(ObservationFilterChainDecorator.java:240) ~[spring-security-web-6.1.6-SNAPSHOT.jar:6.1.6-SNAPSHOT]
	at org.springframework.security.web.ObservationFilterChainDecorator$ObservationFilter.doFilter(ObservationFilterChainDecorator.java:227) ~[spring-security-web-6.1.6-SNAPSHOT.jar:6.1.6-SNAPSHOT]
	at org.springframework.security.web.ObservationFilterChainDecorator$VirtualFilterChain.doFilter(ObservationFilterChainDecorator.java:137) ~[spring-security-web-6.1.6-SNAPSHOT.jar:6.1.6-SNAPSHOT]
	at org.springframework.security.web.authentication.AnonymousAuthenticationFilter.doFilter(AnonymousAuthenticationFilter.java:100) ~[spring-security-web-6.1.6-SNAPSHOT.jar:6.1.6-SNAPSHOT]
	at org.springframework.security.web.ObservationFilterChainDecorator$ObservationFilter.wrapFilter(ObservationFilterChainDecorator.java:240) ~[spring-security-web-6.1.6-SNAPSHOT.jar:6.1.6-SNAPSHOT]
	at org.springframework.security.web.ObservationFilterChainDecorator$ObservationFilter.doFilter(ObservationFilterChainDecorator.java:227) ~[spring-security-web-6.1.6-SNAPSHOT.jar:6.1.6-SNAPSHOT]
	at org.springframework.security.web.ObservationFilterChainDecorator$VirtualFilterChain.doFilter(ObservationFilterChainDecorator.java:137) ~[spring-security-web-6.1.6-SNAPSHOT.jar:6.1.6-SNAPSHOT]
	at org.springframework.security.web.servletapi.SecurityContextHolderAwareRequestFilter.doFilter(SecurityContextHolderAwareRequestFilter.java:179) ~[spring-security-web-6.1.6-SNAPSHOT.jar:6.1.6-SNAPSHOT]
	at org.springframework.security.web.ObservationFilterChainDecorator$ObservationFilter.wrapFilter(ObservationFilterChainDecorator.java:240) ~[spring-security-web-6.1.6-SNAPSHOT.jar:6.1.6-SNAPSHOT]
	at org.springframework.security.web.ObservationFilterChainDecorator$ObservationFilter.doFilter(ObservationFilterChainDecorator.java:227) ~[spring-security-web-6.1.6-SNAPSHOT.jar:6.1.6-SNAPSHOT]
	at org.springframework.security.web.ObservationFilterChainDecorator$VirtualFilterChain.doFilter(ObservationFilterChainDecorator.java:137) ~[spring-security-web-6.1.6-SNAPSHOT.jar:6.1.6-SNAPSHOT]
	at org.springframework.security.web.savedrequest.RequestCacheAwareFilter.doFilter(RequestCacheAwareFilter.java:63) ~[spring-security-web-6.1.6-SNAPSHOT.jar:6.1.6-SNAPSHOT]
	at org.springframework.security.web.ObservationFilterChainDecorator$ObservationFilter.wrapFilter(ObservationFilterChainDecorator.java:240) ~[spring-security-web-6.1.6-SNAPSHOT.jar:6.1.6-SNAPSHOT]
	at org.springframework.security.web.ObservationFilterChainDecorator$ObservationFilter.doFilter(ObservationFilterChainDecorator.java:227) ~[spring-security-web-6.1.6-SNAPSHOT.jar:6.1.6-SNAPSHOT]
	at org.springframework.security.web.ObservationFilterChainDecorator$VirtualFilterChain.doFilter(ObservationFilterChainDecorator.java:137) ~[spring-security-web-6.1.6-SNAPSHOT.jar:6.1.6-SNAPSHOT]
	at org.springframework.security.web.authentication.www.BasicAuthenticationFilter.doFilterInternal(BasicAuthenticationFilter.java:200) ~[spring-security-web-6.1.6-SNAPSHOT.jar:6.1.6-SNAPSHOT]
	at org.springframework.web.filter.OncePerRequestFilter.doFilter(OncePerRequestFilter.java:116) ~[spring-web-6.0.15-SNAPSHOT.jar:6.0.15-SNAPSHOT]
	at org.springframework.security.web.ObservationFilterChainDecorator$ObservationFilter.wrapFilter(ObservationFilterChainDecorator.java:240) ~[spring-security-web-6.1.6-SNAPSHOT.jar:6.1.6-SNAPSHOT]
	at org.springframework.security.web.ObservationFilterChainDecorator$ObservationFilter.doFilter(ObservationFilterChainDecorator.java:227) ~[spring-security-web-6.1.6-SNAPSHOT.jar:6.1.6-SNAPSHOT]
	at org.springframework.security.web.ObservationFilterChainDecorator$VirtualFilterChain.doFilter(ObservationFilterChainDecorator.java:137) ~[spring-security-web-6.1.6-SNAPSHOT.jar:6.1.6-SNAPSHOT]
	at org.springframework.security.web.authentication.logout.LogoutFilter.doFilter(LogoutFilter.java:107) ~[spring-security-web-6.1.6-SNAPSHOT.jar:6.1.6-SNAPSHOT]
	at org.springframework.security.web.authentication.logout.LogoutFilter.doFilter(LogoutFilter.java:93) ~[spring-security-web-6.1.6-SNAPSHOT.jar:6.1.6-SNAPSHOT]
	at org.springframework.security.web.ObservationFilterChainDecorator$ObservationFilter.wrapFilter(ObservationFilterChainDecorator.java:240) ~[spring-security-web-6.1.6-SNAPSHOT.jar:6.1.6-SNAPSHOT]
	at org.springframework.security.web.ObservationFilterChainDecorator$ObservationFilter.doFilter(ObservationFilterChainDecorator.java:227) ~[spring-security-web-6.1.6-SNAPSHOT.jar:6.1.6-SNAPSHOT]
	at org.springframework.security.web.ObservationFilterChainDecorator$VirtualFilterChain.doFilter(ObservationFilterChainDecorator.java:137) ~[spring-security-web-6.1.6-SNAPSHOT.jar:6.1.6-SNAPSHOT]
	at org.springframework.security.web.header.HeaderWriterFilter.doHeadersAfter(HeaderWriterFilter.java:90) ~[spring-security-web-6.1.6-SNAPSHOT.jar:6.1.6-SNAPSHOT]
	at org.springframework.security.web.header.HeaderWriterFilter.doFilterInternal(HeaderWriterFilter.java:75) ~[spring-security-web-6.1.6-SNAPSHOT.jar:6.1.6-SNAPSHOT]
	at org.springframework.web.filter.OncePerRequestFilter.doFilter(OncePerRequestFilter.java:116) ~[spring-web-6.0.15-SNAPSHOT.jar:6.0.15-SNAPSHOT]
	at org.springframework.security.web.ObservationFilterChainDecorator$ObservationFilter.wrapFilter(ObservationFilterChainDecorator.java:240) ~[spring-security-web-6.1.6-SNAPSHOT.jar:6.1.6-SNAPSHOT]
	at org.springframework.security.web.ObservationFilterChainDecorator$ObservationFilter.doFilter(ObservationFilterChainDecorator.java:227) ~[spring-security-web-6.1.6-SNAPSHOT.jar:6.1.6-SNAPSHOT]
	at org.springframework.security.web.ObservationFilterChainDecorator$VirtualFilterChain.doFilter(ObservationFilterChainDecorator.java:137) ~[spring-security-web-6.1.6-SNAPSHOT.jar:6.1.6-SNAPSHOT]
	at org.springframework.security.web.context.SecurityContextHolderFilter.doFilter(SecurityContextHolderFilter.java:82) ~[spring-security-web-6.1.6-SNAPSHOT.jar:6.1.6-SNAPSHOT]
	at org.springframework.security.web.context.SecurityContextHolderFilter.doFilter(SecurityContextHolderFilter.java:69) ~[spring-security-web-6.1.6-SNAPSHOT.jar:6.1.6-SNAPSHOT]
	at org.springframework.security.web.ObservationFilterChainDecorator$ObservationFilter.wrapFilter(ObservationFilterChainDecorator.java:240) ~[spring-security-web-6.1.6-SNAPSHOT.jar:6.1.6-SNAPSHOT]
	at org.springframework.security.web.ObservationFilterChainDecorator$ObservationFilter.doFilter(ObservationFilterChainDecorator.java:227) ~[spring-security-web-6.1.6-SNAPSHOT.jar:6.1.6-SNAPSHOT]
	at org.springframework.security.web.ObservationFilterChainDecorator$VirtualFilterChain.doFilter(ObservationFilterChainDecorator.java:137) ~[spring-security-web-6.1.6-SNAPSHOT.jar:6.1.6-SNAPSHOT]
	at org.springframework.security.web.context.request.async.WebAsyncManagerIntegrationFilter.doFilterInternal(WebAsyncManagerIntegrationFilter.java:62) ~[spring-security-web-6.1.6-SNAPSHOT.jar:6.1.6-SNAPSHOT]
	at org.springframework.web.filter.OncePerRequestFilter.doFilter(OncePerRequestFilter.java:116) ~[spring-web-6.0.15-SNAPSHOT.jar:6.0.15-SNAPSHOT]
	at org.springframework.security.web.ObservationFilterChainDecorator$ObservationFilter.wrapFilter(ObservationFilterChainDecorator.java:240) ~[spring-security-web-6.1.6-SNAPSHOT.jar:6.1.6-SNAPSHOT]
	at org.springframework.security.web.ObservationFilterChainDecorator$ObservationFilter.doFilter(ObservationFilterChainDecorator.java:227) ~[spring-security-web-6.1.6-SNAPSHOT.jar:6.1.6-SNAPSHOT]
	at org.springframework.security.web.ObservationFilterChainDecorator$VirtualFilterChain.doFilter(ObservationFilterChainDecorator.java:137) ~[spring-security-web-6.1.6-SNAPSHOT.jar:6.1.6-SNAPSHOT]
	at org.springframework.security.web.session.DisableEncodeUrlFilter.doFilterInternal(DisableEncodeUrlFilter.java:42) ~[spring-security-web-6.1.6-SNAPSHOT.jar:6.1.6-SNAPSHOT]
	at org.springframework.web.filter.OncePerRequestFilter.doFilter(OncePerRequestFilter.java:116) ~[spring-web-6.0.15-SNAPSHOT.jar:6.0.15-SNAPSHOT]
	at org.springframework.security.web.ObservationFilterChainDecorator$ObservationFilter.wrapFilter(ObservationFilterChainDecorator.java:240) ~[spring-security-web-6.1.6-SNAPSHOT.jar:6.1.6-SNAPSHOT]
	at org.springframework.security.web.ObservationFilterChainDecorator$AroundFilterObservation$SimpleAroundFilterObservation.lambda$wrap$0(ObservationFilterChainDecorator.java:323) ~[spring-security-web-6.1.6-SNAPSHOT.jar:6.1.6-SNAPSHOT]
	at org.springframework.security.web.ObservationFilterChainDecorator$ObservationFilter.doFilter(ObservationFilterChainDecorator.java:224) ~[spring-security-web-6.1.6-SNAPSHOT.jar:6.1.6-SNAPSHOT]
	at org.springframework.security.web.ObservationFilterChainDecorator$VirtualFilterChain.doFilter(ObservationFilterChainDecorator.java:137) ~[spring-security-web-6.1.6-SNAPSHOT.jar:6.1.6-SNAPSHOT]
	at org.springframework.security.web.FilterChainProxy.doFilterInternal(FilterChainProxy.java:233) ~[spring-security-web-6.1.6-SNAPSHOT.jar:6.1.6-SNAPSHOT]
	at org.springframework.security.web.FilterChainProxy.doFilter(FilterChainProxy.java:191) ~[spring-security-web-6.1.6-SNAPSHOT.jar:6.1.6-SNAPSHOT]
	at org.springframework.web.filter.DelegatingFilterProxy.invokeDelegate(DelegatingFilterProxy.java:352) ~[spring-web-6.0.15-SNAPSHOT.jar:6.0.15-SNAPSHOT]
	at org.springframework.web.filter.DelegatingFilterProxy.doFilter(DelegatingFilterProxy.java:268) ~[spring-web-6.0.15-SNAPSHOT.jar:6.0.15-SNAPSHOT]
	at org.apache.catalina.core.ApplicationFilterChain.internalDoFilter(ApplicationFilterChain.java:174) ~[tomcat-embed-core-10.1.16.jar:10.1.16]
	at org.apache.catalina.core.ApplicationFilterChain.doFilter(ApplicationFilterChain.java:149) ~[tomcat-embed-core-10.1.16.jar:10.1.16]
	at org.springframework.web.filter.RequestContextFilter.doFilterInternal(RequestContextFilter.java:100) ~[spring-web-6.0.15-SNAPSHOT.jar:6.0.15-SNAPSHOT]
	at org.springframework.web.filter.OncePerRequestFilter.doFilter(OncePerRequestFilter.java:116) ~[spring-web-6.0.15-SNAPSHOT.jar:6.0.15-SNAPSHOT]
	at org.apache.catalina.core.ApplicationFilterChain.internalDoFilter(ApplicationFilterChain.java:174) ~[tomcat-embed-core-10.1.16.jar:10.1.16]
	at org.apache.catalina.core.ApplicationFilterChain.doFilter(ApplicationFilterChain.java:149) ~[tomcat-embed-core-10.1.16.jar:10.1.16]
	at org.springframework.web.filter.FormContentFilter.doFilterInternal(FormContentFilter.java:93) ~[spring-web-6.0.15-SNAPSHOT.jar:6.0.15-SNAPSHOT]
	at org.springframework.web.filter.OncePerRequestFilter.doFilter(OncePerRequestFilter.java:116) ~[spring-web-6.0.15-SNAPSHOT.jar:6.0.15-SNAPSHOT]
	at org.apache.catalina.core.ApplicationFilterChain.internalDoFilter(ApplicationFilterChain.java:174) ~[tomcat-embed-core-10.1.16.jar:10.1.16]
	at org.apache.catalina.core.ApplicationFilterChain.doFilter(ApplicationFilterChain.java:149) ~[tomcat-embed-core-10.1.16.jar:10.1.16]
	at org.springframework.web.filter.ServerHttpObservationFilter.doFilterInternal(ServerHttpObservationFilter.java:109) ~[spring-web-6.0.15-SNAPSHOT.jar:6.0.15-SNAPSHOT]
	at org.springframework.web.filter.OncePerRequestFilter.doFilter(OncePerRequestFilter.java:116) ~[spring-web-6.0.15-SNAPSHOT.jar:6.0.15-SNAPSHOT]
	at org.apache.catalina.core.ApplicationFilterChain.internalDoFilter(ApplicationFilterChain.java:174) ~[tomcat-embed-core-10.1.16.jar:10.1.16]
	at org.apache.catalina.core.ApplicationFilterChain.doFilter(ApplicationFilterChain.java:149) ~[tomcat-embed-core-10.1.16.jar:10.1.16]
	at org.springframework.web.filter.CharacterEncodingFilter.doFilterInternal(CharacterEncodingFilter.java:201) ~[spring-web-6.0.15-SNAPSHOT.jar:6.0.15-SNAPSHOT]
	at org.springframework.web.filter.OncePerRequestFilter.doFilter(OncePerRequestFilter.java:116) ~[spring-web-6.0.15-SNAPSHOT.jar:6.0.15-SNAPSHOT]
	at org.apache.catalina.core.ApplicationFilterChain.internalDoFilter(ApplicationFilterChain.java:174) ~[tomcat-embed-core-10.1.16.jar:10.1.16]
	at org.apache.catalina.core.ApplicationFilterChain.doFilter(ApplicationFilterChain.java:149) ~[tomcat-embed-core-10.1.16.jar:10.1.16]
	at org.apache.catalina.core.StandardWrapperValve.invoke(StandardWrapperValve.java:167) ~[tomcat-embed-core-10.1.16.jar:10.1.16]
	at org.apache.catalina.core.StandardContextValve.invoke(StandardContextValve.java:90) ~[tomcat-embed-core-10.1.16.jar:10.1.16]
	at org.apache.catalina.authenticator.AuthenticatorBase.invoke(AuthenticatorBase.java:482) ~[tomcat-embed-core-10.1.16.jar:10.1.16]
	at org.apache.catalina.core.StandardHostValve.invoke(StandardHostValve.java:115) ~[tomcat-embed-core-10.1.16.jar:10.1.16]
	at org.apache.catalina.valves.ErrorReportValve.invoke(ErrorReportValve.java:93) ~[tomcat-embed-core-10.1.16.jar:10.1.16]
	at org.apache.catalina.core.StandardEngineValve.invoke(StandardEngineValve.java:74) ~[tomcat-embed-core-10.1.16.jar:10.1.16]
	at org.apache.catalina.connector.CoyoteAdapter.service(CoyoteAdapter.java:340) ~[tomcat-embed-core-10.1.16.jar:10.1.16]
	at org.apache.coyote.http11.Http11Processor.service(Http11Processor.java:391) ~[tomcat-embed-core-10.1.16.jar:10.1.16]
	at org.apache.coyote.AbstractProcessorLight.process(AbstractProcessorLight.java:63) ~[tomcat-embed-core-10.1.16.jar:10.1.16]
	at org.apache.coyote.AbstractProtocol$ConnectionHandler.process(AbstractProtocol.java:896) ~[tomcat-embed-core-10.1.16.jar:10.1.16]
	at org.apache.tomcat.util.net.NioEndpoint$SocketProcessor.doRun(NioEndpoint.java:1744) ~[tomcat-embed-core-10.1.16.jar:10.1.16]
	at org.apache.tomcat.util.net.SocketProcessorBase.run(SocketProcessorBase.java:52) ~[tomcat-embed-core-10.1.16.jar:10.1.16]
	at org.apache.tomcat.util.threads.ThreadPoolExecutor.runWorker(ThreadPoolExecutor.java:1191) ~[tomcat-embed-core-10.1.16.jar:10.1.16]
	at org.apache.tomcat.util.threads.ThreadPoolExecutor$Worker.run(ThreadPoolExecutor.java:659) ~[tomcat-embed-core-10.1.16.jar:10.1.16]
	at org.apache.tomcat.util.threads.TaskThread$WrappingRunnable.run(TaskThread.java:61) ~[tomcat-embed-core-10.1.16.jar:10.1.16]
	at java.base/java.lang.Thread.run(Thread.java:833) ~[na:na]

2023-12-10T00:19:18.423+08:00  WARN 359577 --- [http-nio-8080-exec-8] .w.s.m.s.DefaultHandlerExceptionResolver : Resolved [org.springframework.web.bind.MethodArgumentNotValidException: Validation failed for argument [0] in public org.springframework.http.ResponseEntity<com.example.librarybookingsystem.entities.Learner> com.example.librarybookingsystem.controllers.LearnerController.createLearner(com.example.librarybookingsystem.entities.Learner): [Field error in object 'learner' on field 'contact_num': rejected value [123452678]; codes [Digits.learner.contact_num,Digits.contact_num,Digits.java.lang.String,Digits]; arguments [org.springframework.context.support.DefaultMessageSourceResolvable: codes [learner.contact_num,contact_num]; arguments []; default message [contact_num],0,8]; default message [contact number must have 8 digits]] ]
2023-12-10T00:23:03.354+08:00  INFO 359577 --- [File Watcher] rtingClassPathChangeChangedEventListener : Restarting due to 1 class path change (0 additions, 0 deletions, 1 modification)
2023-12-10T00:23:03.365+08:00  INFO 359577 --- [Thread-5] o.apache.catalina.core.StandardService   : Stopping service [Tomcat]
2023-12-10T00:23:03.367+08:00  INFO 359577 --- [Thread-5] o.a.c.c.C.[Tomcat].[localhost].[/]       : Destroying Spring FrameworkServlet 'dispatcherServlet'
2023-12-10T00:23:03.389+08:00  INFO 359577 --- [Thread-5] j.LocalContainerEntityManagerFactoryBean : Closing JPA EntityManagerFactory for persistence unit 'default'
2023-12-10T00:23:03.395+08:00  INFO 359577 --- [Thread-5] com.zaxxer.hikari.HikariDataSource       : HikariPool-1 - Shutdown initiated...
2023-12-10T00:23:03.414+08:00  INFO 359577 --- [Thread-5] com.zaxxer.hikari.HikariDataSource       : HikariPool-1 - Shutdown completed.
2023-12-10T00:23:03.528+08:00  INFO 359577 --- [restartedMain] c.e.l.LibrarybookingsystemApplication    : Starting LibrarybookingsystemApplication using Java 17.0.8 with PID 359577 (/home/linux/NTU/SCTP Java Projects/copyout/librarybookingsystem/target/classes started by linux in /home/linux/NTU/SCTP Java Projects/copyout/librarybookingsystem)
2023-12-10T00:23:03.528+08:00  INFO 359577 --- [restartedMain] c.e.l.LibrarybookingsystemApplication    : The following 1 profile is active: "dev"
2023-12-10T00:23:04.077+08:00  INFO 359577 --- [restartedMain] .s.d.r.c.RepositoryConfigurationDelegate : Bootstrapping Spring Data JPA repositories in DEFAULT mode.
2023-12-10T00:23:04.108+08:00  INFO 359577 --- [restartedMain] .s.d.r.c.RepositoryConfigurationDelegate : Finished Spring Data repository scanning in 29 ms. Found 2 JPA repository interfaces.
2023-12-10T00:23:04.328+08:00  INFO 359577 --- [restartedMain] o.s.b.w.embedded.tomcat.TomcatWebServer  : Tomcat initialized with port(s): 8080 (http)
2023-12-10T00:23:04.329+08:00  INFO 359577 --- [restartedMain] o.apache.catalina.core.StandardService   : Starting service [Tomcat]
2023-12-10T00:23:04.330+08:00  INFO 359577 --- [restartedMain] o.apache.catalina.core.StandardEngine    : Starting Servlet engine: [Apache Tomcat/10.1.16]
2023-12-10T00:23:04.360+08:00  INFO 359577 --- [restartedMain] o.a.c.c.C.[Tomcat].[localhost].[/]       : Initializing Spring embedded WebApplicationContext
2023-12-10T00:23:04.361+08:00  INFO 359577 --- [restartedMain] w.s.c.ServletWebServerApplicationContext : Root WebApplicationContext: initialization completed in 829 ms
2023-12-10T00:23:04.494+08:00  INFO 359577 --- [restartedMain] o.hibernate.jpa.internal.util.LogHelper  : HHH000204: Processing PersistenceUnitInfo [name: default]
2023-12-10T00:23:04.500+08:00  INFO 359577 --- [restartedMain] o.s.o.j.p.SpringPersistenceUnitInfo      : No LoadTimeWeaver setup: ignoring JPA class transformer
2023-12-10T00:23:04.502+08:00  INFO 359577 --- [restartedMain] com.zaxxer.hikari.HikariDataSource       : HikariPool-2 - Starting...
2023-12-10T00:23:04.537+08:00  INFO 359577 --- [restartedMain] com.zaxxer.hikari.pool.HikariPool        : HikariPool-2 - Added connection org.postgresql.jdbc.PgConnection@79192e1e
2023-12-10T00:23:04.538+08:00  INFO 359577 --- [restartedMain] com.zaxxer.hikari.HikariDataSource       : HikariPool-2 - Start completed.
2023-12-10T00:23:04.548+08:00  WARN 359577 --- [restartedMain] org.hibernate.orm.deprecation            : HHH90000025: PostgreSQLDialect does not need to be specified explicitly using 'hibernate.dialect' (remove the property setting and it will be selected by default)
2023-12-10T00:23:04.640+08:00  INFO 359577 --- [restartedMain] o.h.e.t.j.p.i.JtaPlatformInitiator       : HHH000489: No JTA platform available (set 'hibernate.transaction.jta.platform' to enable JTA platform integration)
2023-12-10T00:23:04.743+08:00  INFO 359577 --- [restartedMain] j.LocalContainerEntityManagerFactoryBean : Initialized JPA EntityManagerFactory for persistence unit 'default'
2023-12-10T00:23:05.044+08:00  WARN 359577 --- [restartedMain] JpaBaseConfiguration$JpaWebConfiguration : spring.jpa.open-in-view is enabled by default. Therefore, database queries may be performed during view rendering. Explicitly configure spring.jpa.open-in-view to disable this warning
2023-12-10T00:23:05.194+08:00  INFO 359577 --- [restartedMain] o.s.s.web.DefaultSecurityFilterChain     : Will secure any request with [org.springframework.security.web.session.DisableEncodeUrlFilter@60ee8ab4, org.springframework.security.web.context.request.async.WebAsyncManagerIntegrationFilter@78273ce, org.springframework.security.web.context.SecurityContextHolderFilter@2a92cb08, org.springframework.security.web.header.HeaderWriterFilter@c3a933a, org.springframework.security.web.authentication.logout.LogoutFilter@5fa4d908, org.springframework.security.web.authentication.www.BasicAuthenticationFilter@19fb7c1a, org.springframework.security.web.savedrequest.RequestCacheAwareFilter@6e8e65b, org.springframework.security.web.servletapi.SecurityContextHolderAwareRequestFilter@3ba973ed, org.springframework.security.web.authentication.AnonymousAuthenticationFilter@2118074e, org.springframework.security.web.access.ExceptionTranslationFilter@1ab4e912, org.springframework.security.web.access.intercept.AuthorizationFilter@6ef908b8]
2023-12-10T00:23:05.466+08:00  INFO 359577 --- [restartedMain] o.s.b.d.a.OptionalLiveReloadServer       : LiveReload server is running on port 35729
2023-12-10T00:23:05.472+08:00  INFO 359577 --- [restartedMain] o.s.b.a.e.web.EndpointLinksResolver      : Exposing 1 endpoint(s) beneath base path '/actuator'
2023-12-10T00:23:05.507+08:00  INFO 359577 --- [restartedMain] o.s.b.w.embedded.tomcat.TomcatWebServer  : Tomcat started on port(s): 8080 (http) with context path ''
2023-12-10T00:23:05.514+08:00  INFO 359577 --- [restartedMain] c.e.l.LibrarybookingsystemApplication    : Started LibrarybookingsystemApplication in 2.035 seconds (process running for 370.144)
2023-12-10T00:23:05.521+08:00  INFO 359577 --- [restartedMain] .ConditionEvaluationDeltaLoggingListener : Condition evaluation unchanged
2023-12-10T00:23:41.817+08:00  INFO 359577 --- [http-nio-8080-exec-1] o.a.c.c.C.[Tomcat].[localhost].[/]       : Initializing Spring DispatcherServlet 'dispatcherServlet'
2023-12-10T00:23:41.818+08:00  INFO 359577 --- [http-nio-8080-exec-1] o.s.web.servlet.DispatcherServlet        : Initializing Servlet 'dispatcherServlet'
2023-12-10T00:23:41.819+08:00  INFO 359577 --- [http-nio-8080-exec-1] o.s.web.servlet.DispatcherServlet        : Completed initialization in 1 ms
2023-12-10T00:23:53.015+08:00  WARN 359577 --- [http-nio-8080-exec-2] .m.m.a.ExceptionHandlerExceptionResolver : Resolved [org.springframework.web.bind.MethodArgumentNotValidException: Validation failed for argument [0] in public org.springframework.http.ResponseEntity<com.example.librarybookingsystem.entities.Learner> com.example.librarybookingsystem.controllers.LearnerController.createLearner(com.example.librarybookingsystem.entities.Learner): [Field error in object 'learner' on field 'contact_num': rejected value [1234526278]; codes [Digits.learner.contact_num,Digits.contact_num,Digits.java.lang.String,Digits]; arguments [org.springframework.context.support.DefaultMessageSourceResolvable: codes [learner.contact_num,contact_num]; arguments []; default message [contact_num],0,8]; default message [contact number must have 8 digits]] ]
2023-12-10T00:24:27.889+08:00  WARN 359577 --- [http-nio-8080-exec-4] .m.m.a.ExceptionHandlerExceptionResolver : Resolved [org.springframework.web.bind.MethodArgumentNotValidException: Validation failed for argument [0] in public org.springframework.http.ResponseEntity<com.example.librarybookingsystem.entities.Learner> com.example.librarybookingsystem.controllers.LearnerController.createLearner(com.example.librarybookingsystem.entities.Learner): [Field error in object 'learner' on field 'firstName': rejected value []; codes [NotBlank.learner.firstName,NotBlank.firstName,NotBlank.java.lang.String,NotBlank]; arguments [org.springframework.context.support.DefaultMessageSourceResolvable: codes [learner.firstName,firstName]; arguments []; default message [firstName]]; default message [First name is mandatory]] ]
2023-12-10T00:24:38.152+08:00  WARN 359577 --- [http-nio-8080-exec-5] .m.m.a.ExceptionHandlerExceptionResolver : Resolved [org.springframework.web.bind.MethodArgumentNotValidException: Validation failed for argument [0] in public org.springframework.http.ResponseEntity<com.example.librarybookingsystem.entities.Learner> com.example.librarybookingsystem.controllers.LearnerController.createLearner(com.example.librarybookingsystem.entities.Learner): [Field error in object 'learner' on field 'email': rejected value [viggotarasovcontinental.com]; codes [Email.learner.email,Email.email,Email.java.lang.String,Email]; arguments [org.springframework.context.support.DefaultMessageSourceResolvable: codes [learner.email,email]; arguments []; default message [email],[Ljakarta.validation.constraints.Pattern$Flag;@7208b44e,.*]; default message [email should be a valid email address]] ]
2023-12-10T00:26:06.414+08:00  WARN 359577 --- [http-nio-8080-exec-8] .m.m.a.ExceptionHandlerExceptionResolver : Resolved [org.springframework.web.bind.MethodArgumentNotValidException: Validation failed for argument [0] in public org.springframework.http.ResponseEntity<com.example.librarybookingsystem.Book> com.example.librarybookingsystem.BookController.createBook(com.example.librarybookingsystem.Book): [Field error in object 'book' on field 'genre': rejected value []; codes [NotBlank.book.genre,NotBlank.genre,NotBlank.java.lang.String,NotBlank]; arguments [org.springframework.context.support.DefaultMessageSourceResolvable: codes [book.genre,genre]; arguments []; default message [genre]]; default message [Genre is mandatory]] ]
2023-12-10T00:26:33.940+08:00  WARN 359577 --- [http-nio-8080-exec-9] .m.m.a.ExceptionHandlerExceptionResolver : Resolved [org.springframework.web.bind.MethodArgumentNotValidException: Validation failed for argument [0] in public org.springframework.http.ResponseEntity<com.example.librarybookingsystem.Book> com.example.librarybookingsystem.BookController.createBook(com.example.librarybookingsystem.Book): [Field error in object 'book' on field 'author': rejected value []; codes [NotBlank.book.author,NotBlank.author,NotBlank.java.lang.String,NotBlank]; arguments [org.springframework.context.support.DefaultMessageSourceResolvable: codes [book.author,author]; arguments []; default message [author]]; default message [Author is mandatory]] ]
2023-12-10T00:27:23.228+08:00  INFO 359577 --- [File Watcher] rtingClassPathChangeChangedEventListener : Restarting due to 1 class path change (0 additions, 0 deletions, 1 modification)
2023-12-10T00:27:23.234+08:00  INFO 359577 --- [Thread-7] o.apache.catalina.core.StandardService   : Stopping service [Tomcat]
2023-12-10T00:27:23.235+08:00  INFO 359577 --- [Thread-7] o.a.c.c.C.[Tomcat].[localhost].[/]       : Destroying Spring FrameworkServlet 'dispatcherServlet'
2023-12-10T00:27:23.247+08:00  INFO 359577 --- [Thread-7] j.LocalContainerEntityManagerFactoryBean : Closing JPA EntityManagerFactory for persistence unit 'default'
2023-12-10T00:27:23.249+08:00  INFO 359577 --- [Thread-7] com.zaxxer.hikari.HikariDataSource       : HikariPool-2 - Shutdown initiated...
2023-12-10T00:27:23.267+08:00  INFO 359577 --- [Thread-7] com.zaxxer.hikari.HikariDataSource       : HikariPool-2 - Shutdown completed.
2023-12-10T00:27:23.388+08:00  INFO 359577 --- [restartedMain] c.e.l.LibrarybookingsystemApplication    : Starting LibrarybookingsystemApplication using Java 17.0.8 with PID 359577 (/home/linux/NTU/SCTP Java Projects/copyout/librarybookingsystem/target/classes started by linux in /home/linux/NTU/SCTP Java Projects/copyout/librarybookingsystem)
2023-12-10T00:27:23.389+08:00  INFO 359577 --- [restartedMain] c.e.l.LibrarybookingsystemApplication    : The following 1 profile is active: "dev"
2023-12-10T00:27:23.776+08:00  INFO 359577 --- [restartedMain] .s.d.r.c.RepositoryConfigurationDelegate : Bootstrapping Spring Data JPA repositories in DEFAULT mode.
2023-12-10T00:27:23.797+08:00  INFO 359577 --- [restartedMain] .s.d.r.c.RepositoryConfigurationDelegate : Finished Spring Data repository scanning in 19 ms. Found 2 JPA repository interfaces.
2023-12-10T00:27:24.055+08:00  INFO 359577 --- [restartedMain] o.s.b.w.embedded.tomcat.TomcatWebServer  : Tomcat initialized with port(s): 8080 (http)
2023-12-10T00:27:24.056+08:00  INFO 359577 --- [restartedMain] o.apache.catalina.core.StandardService   : Starting service [Tomcat]
2023-12-10T00:27:24.056+08:00  INFO 359577 --- [restartedMain] o.apache.catalina.core.StandardEngine    : Starting Servlet engine: [Apache Tomcat/10.1.16]
2023-12-10T00:27:24.071+08:00  INFO 359577 --- [restartedMain] o.a.c.c.C.[Tomcat].[localhost].[/]       : Initializing Spring embedded WebApplicationContext
2023-12-10T00:27:24.071+08:00  INFO 359577 --- [restartedMain] w.s.c.ServletWebServerApplicationContext : Root WebApplicationContext: initialization completed in 680 ms
2023-12-10T00:27:24.144+08:00  INFO 359577 --- [restartedMain] o.hibernate.jpa.internal.util.LogHelper  : HHH000204: Processing PersistenceUnitInfo [name: default]
2023-12-10T00:27:24.149+08:00  INFO 359577 --- [restartedMain] o.s.o.j.p.SpringPersistenceUnitInfo      : No LoadTimeWeaver setup: ignoring JPA class transformer
2023-12-10T00:27:24.150+08:00  INFO 359577 --- [restartedMain] com.zaxxer.hikari.HikariDataSource       : HikariPool-3 - Starting...
2023-12-10T00:27:24.179+08:00  INFO 359577 --- [restartedMain] com.zaxxer.hikari.pool.HikariPool        : HikariPool-3 - Added connection org.postgresql.jdbc.PgConnection@67ca90b8
2023-12-10T00:27:24.179+08:00  INFO 359577 --- [restartedMain] com.zaxxer.hikari.HikariDataSource       : HikariPool-3 - Start completed.
2023-12-10T00:27:24.191+08:00  WARN 359577 --- [restartedMain] org.hibernate.orm.deprecation            : HHH90000025: PostgreSQLDialect does not need to be specified explicitly using 'hibernate.dialect' (remove the property setting and it will be selected by default)
2023-12-10T00:27:24.297+08:00  INFO 359577 --- [restartedMain] o.h.e.t.j.p.i.JtaPlatformInitiator       : HHH000489: No JTA platform available (set 'hibernate.transaction.jta.platform' to enable JTA platform integration)
2023-12-10T00:27:24.397+08:00  INFO 359577 --- [restartedMain] j.LocalContainerEntityManagerFactoryBean : Initialized JPA EntityManagerFactory for persistence unit 'default'
2023-12-10T00:27:24.581+08:00  WARN 359577 --- [restartedMain] JpaBaseConfiguration$JpaWebConfiguration : spring.jpa.open-in-view is enabled by default. Therefore, database queries may be performed during view rendering. Explicitly configure spring.jpa.open-in-view to disable this warning
2023-12-10T00:27:24.701+08:00  INFO 359577 --- [restartedMain] o.s.s.web.DefaultSecurityFilterChain     : Will secure any request with [org.springframework.security.web.session.DisableEncodeUrlFilter@2e0097b5, org.springframework.security.web.context.request.async.WebAsyncManagerIntegrationFilter@517270ac, org.springframework.security.web.context.SecurityContextHolderFilter@47976a38, org.springframework.security.web.header.HeaderWriterFilter@7721a412, org.springframework.security.web.authentication.logout.LogoutFilter@76e4d835, org.springframework.security.web.authentication.www.BasicAuthenticationFilter@7ef5dd2e, org.springframework.security.web.savedrequest.RequestCacheAwareFilter@69684a7d, org.springframework.security.web.servletapi.SecurityContextHolderAwareRequestFilter@70a59ede, org.springframework.security.web.authentication.AnonymousAuthenticationFilter@b1af103, org.springframework.security.web.access.ExceptionTranslationFilter@59781583, org.springframework.security.web.access.intercept.AuthorizationFilter@1fb7938]
2023-12-10T00:27:24.888+08:00  INFO 359577 --- [restartedMain] o.s.b.d.a.OptionalLiveReloadServer       : LiveReload server is running on port 35729
2023-12-10T00:27:24.893+08:00  INFO 359577 --- [restartedMain] o.s.b.a.e.web.EndpointLinksResolver      : Exposing 1 endpoint(s) beneath base path '/actuator'
2023-12-10T00:27:24.914+08:00  INFO 359577 --- [restartedMain] o.s.b.w.embedded.tomcat.TomcatWebServer  : Tomcat started on port(s): 8080 (http) with context path ''
2023-12-10T00:27:24.926+08:00  INFO 359577 --- [restartedMain] c.e.l.LibrarybookingsystemApplication    : Started LibrarybookingsystemApplication in 1.578 seconds (process running for 629.556)
2023-12-10T00:27:24.930+08:00  INFO 359577 --- [restartedMain] .ConditionEvaluationDeltaLoggingListener : Condition evaluation unchanged
2023-12-10T01:32:02.760+08:00  INFO 359577 --- [SpringApplicationShutdownHook] j.LocalContainerEntityManagerFactoryBean : Closing JPA EntityManagerFactory for persistence unit 'default'
2023-12-10T01:32:02.787+08:00  INFO 359577 --- [SpringApplicationShutdownHook] com.zaxxer.hikari.HikariDataSource       : HikariPool-3 - Shutdown initiated...
2023-12-10T01:32:02.800+08:00  INFO 359577 --- [SpringApplicationShutdownHook] com.zaxxer.hikari.HikariDataSource       : HikariPool-3 - Shutdown completed.
2023-12-10T07:57:21.576+08:00  INFO 1534 --- [restartedMain] c.e.l.LibrarybookingsystemApplication    : Starting LibrarybookingsystemApplication using Java 17.0.8 with PID 1534 (/home/linux/NTU/SCTP Java Projects/copyout/librarybookingsystem/target/classes started by linux in /home/linux/NTU/SCTP Java Projects/copyout/librarybookingsystem)
2023-12-10T07:57:21.621+08:00  INFO 1534 --- [restartedMain] c.e.l.LibrarybookingsystemApplication    : The following 1 profile is active: "dev"
2023-12-10T07:57:21.739+08:00  INFO 1534 --- [restartedMain] .e.DevToolsPropertyDefaultsPostProcessor : Devtools property defaults active! Set 'spring.devtools.add-properties' to 'false' to disable
2023-12-10T07:57:21.740+08:00  INFO 1534 --- [restartedMain] .e.DevToolsPropertyDefaultsPostProcessor : For additional web related logging consider setting the 'logging.level.web' property to 'DEBUG'
2023-12-10T07:57:23.319+08:00  INFO 1534 --- [restartedMain] .s.d.r.c.RepositoryConfigurationDelegate : Bootstrapping Spring Data JPA repositories in DEFAULT mode.
2023-12-10T07:57:23.449+08:00  INFO 1534 --- [restartedMain] .s.d.r.c.RepositoryConfigurationDelegate : Finished Spring Data repository scanning in 115 ms. Found 2 JPA repository interfaces.
2023-12-10T07:57:24.558+08:00  INFO 1534 --- [restartedMain] o.s.b.w.embedded.tomcat.TomcatWebServer  : Tomcat initialized with port(s): 8080 (http)
2023-12-10T07:57:24.569+08:00  INFO 1534 --- [restartedMain] o.apache.catalina.core.StandardService   : Starting service [Tomcat]
2023-12-10T07:57:24.570+08:00  INFO 1534 --- [restartedMain] o.apache.catalina.core.StandardEngine    : Starting Servlet engine: [Apache Tomcat/10.1.16]
2023-12-10T07:57:24.663+08:00  INFO 1534 --- [restartedMain] o.a.c.c.C.[Tomcat].[localhost].[/]       : Initializing Spring embedded WebApplicationContext
2023-12-10T07:57:24.664+08:00  INFO 1534 --- [restartedMain] w.s.c.ServletWebServerApplicationContext : Root WebApplicationContext: initialization completed in 2922 ms
2023-12-10T07:57:25.081+08:00  INFO 1534 --- [restartedMain] o.hibernate.jpa.internal.util.LogHelper  : HHH000204: Processing PersistenceUnitInfo [name: default]
2023-12-10T07:57:25.150+08:00  INFO 1534 --- [restartedMain] org.hibernate.Version                    : HHH000412: Hibernate ORM core version 6.2.13.Final
2023-12-10T07:57:25.154+08:00  INFO 1534 --- [restartedMain] org.hibernate.cfg.Environment            : HHH000406: Using bytecode reflection optimizer
2023-12-10T07:57:25.503+08:00  INFO 1534 --- [restartedMain] o.s.o.j.p.SpringPersistenceUnitInfo      : No LoadTimeWeaver setup: ignoring JPA class transformer
2023-12-10T07:57:25.545+08:00  INFO 1534 --- [restartedMain] com.zaxxer.hikari.HikariDataSource       : HikariPool-1 - Starting...
2023-12-10T07:57:25.964+08:00  INFO 1534 --- [restartedMain] com.zaxxer.hikari.pool.HikariPool        : HikariPool-1 - Added connection org.postgresql.jdbc.PgConnection@1a982adc
2023-12-10T07:57:25.966+08:00  INFO 1534 --- [restartedMain] com.zaxxer.hikari.HikariDataSource       : HikariPool-1 - Start completed.
2023-12-10T07:57:26.024+08:00  WARN 1534 --- [restartedMain] org.hibernate.orm.deprecation            : HHH90000025: PostgreSQLDialect does not need to be specified explicitly using 'hibernate.dialect' (remove the property setting and it will be selected by default)
2023-12-10T07:57:27.167+08:00  INFO 1534 --- [restartedMain] o.h.e.t.j.p.i.JtaPlatformInitiator       : HHH000489: No JTA platform available (set 'hibernate.transaction.jta.platform' to enable JTA platform integration)
2023-12-10T07:57:27.292+08:00  INFO 1534 --- [restartedMain] j.LocalContainerEntityManagerFactoryBean : Initialized JPA EntityManagerFactory for persistence unit 'default'
2023-12-10T07:57:28.135+08:00  WARN 1534 --- [restartedMain] JpaBaseConfiguration$JpaWebConfiguration : spring.jpa.open-in-view is enabled by default. Therefore, database queries may be performed during view rendering. Explicitly configure spring.jpa.open-in-view to disable this warning
2023-12-10T07:57:28.458+08:00  INFO 1534 --- [restartedMain] o.s.s.web.DefaultSecurityFilterChain     : Will secure any request with [org.springframework.security.web.session.DisableEncodeUrlFilter@73c167e2, org.springframework.security.web.context.request.async.WebAsyncManagerIntegrationFilter@35caa7c7, org.springframework.security.web.context.SecurityContextHolderFilter@3f1764d0, org.springframework.security.web.header.HeaderWriterFilter@7752b82b, org.springframework.security.web.authentication.logout.LogoutFilter@42563e34, org.springframework.security.web.authentication.www.BasicAuthenticationFilter@5dd373de, org.springframework.security.web.savedrequest.RequestCacheAwareFilter@4d424fd3, org.springframework.security.web.servletapi.SecurityContextHolderAwareRequestFilter@476aeafa, org.springframework.security.web.authentication.AnonymousAuthenticationFilter@a6fd16b, org.springframework.security.web.access.ExceptionTranslationFilter@697694ad, org.springframework.security.web.access.intercept.AuthorizationFilter@4112bdba]
2023-12-10T07:57:29.158+08:00  INFO 1534 --- [restartedMain] o.s.b.d.a.OptionalLiveReloadServer       : LiveReload server is running on port 35729
2023-12-10T07:57:29.164+08:00  INFO 1534 --- [restartedMain] o.s.b.a.e.web.EndpointLinksResolver      : Exposing 1 endpoint(s) beneath base path '/actuator'
2023-12-10T07:57:29.274+08:00  INFO 1534 --- [restartedMain] o.s.b.w.embedded.tomcat.TomcatWebServer  : Tomcat started on port(s): 8080 (http) with context path ''
2023-12-10T07:57:29.295+08:00  INFO 1534 --- [restartedMain] c.e.l.LibrarybookingsystemApplication    : Started LibrarybookingsystemApplication in 8.303 seconds (process running for 8.898)
2023-12-10T07:57:30.767+08:00  INFO 1534 --- [RMI TCP Connection(1)-127.0.0.1] o.a.c.c.C.[Tomcat].[localhost].[/]       : Initializing Spring DispatcherServlet 'dispatcherServlet'
2023-12-10T07:57:30.768+08:00  INFO 1534 --- [RMI TCP Connection(1)-127.0.0.1] o.s.web.servlet.DispatcherServlet        : Initializing Servlet 'dispatcherServlet'
2023-12-10T07:57:30.770+08:00  INFO 1534 --- [RMI TCP Connection(1)-127.0.0.1] o.s.web.servlet.DispatcherServlet        : Completed initialization in 2 ms
2023-12-10T10:53:58.953+08:00  INFO 1534 --- [SpringApplicationShutdownHook] j.LocalContainerEntityManagerFactoryBean : Closing JPA EntityManagerFactory for persistence unit 'default'
2023-12-10T10:53:58.988+08:00  INFO 1534 --- [SpringApplicationShutdownHook] com.zaxxer.hikari.HikariDataSource       : HikariPool-1 - Shutdown initiated...
2023-12-10T10:53:59.001+08:00  INFO 1534 --- [SpringApplicationShutdownHook] com.zaxxer.hikari.HikariDataSource       : HikariPool-1 - Shutdown completed.
2023-12-10T11:23:20.585+08:00  INFO 109404 --- [restartedMain] c.e.l.LibrarybookingsystemApplication    : Starting LibrarybookingsystemApplication using Java 17.0.8 with PID 109404 (/home/linux/NTU/SCTP Java Projects/copyout/librarybookingsystem/target/classes started by linux in /home/linux/NTU/SCTP Java Projects/copyout/librarybookingsystem)
2023-12-10T11:23:20.608+08:00  INFO 109404 --- [restartedMain] c.e.l.LibrarybookingsystemApplication    : The following 1 profile is active: "dev"
2023-12-10T11:23:20.758+08:00  INFO 109404 --- [restartedMain] .e.DevToolsPropertyDefaultsPostProcessor : Devtools property defaults active! Set 'spring.devtools.add-properties' to 'false' to disable
2023-12-10T11:23:20.759+08:00  INFO 109404 --- [restartedMain] .e.DevToolsPropertyDefaultsPostProcessor : For additional web related logging consider setting the 'logging.level.web' property to 'DEBUG'
2023-12-10T11:23:22.278+08:00  INFO 109404 --- [restartedMain] .s.d.r.c.RepositoryConfigurationDelegate : Bootstrapping Spring Data JPA repositories in DEFAULT mode.
2023-12-10T11:23:22.376+08:00  INFO 109404 --- [restartedMain] .s.d.r.c.RepositoryConfigurationDelegate : Finished Spring Data repository scanning in 84 ms. Found 2 JPA repository interfaces.
2023-12-10T11:23:23.482+08:00  INFO 109404 --- [restartedMain] o.s.b.w.embedded.tomcat.TomcatWebServer  : Tomcat initialized with port(s): 8080 (http)
2023-12-10T11:23:23.497+08:00  INFO 109404 --- [restartedMain] o.apache.catalina.core.StandardService   : Starting service [Tomcat]
2023-12-10T11:23:23.498+08:00  INFO 109404 --- [restartedMain] o.apache.catalina.core.StandardEngine    : Starting Servlet engine: [Apache Tomcat/10.1.16]
2023-12-10T11:23:23.587+08:00  INFO 109404 --- [restartedMain] o.a.c.c.C.[Tomcat].[localhost].[/]       : Initializing Spring embedded WebApplicationContext
2023-12-10T11:23:23.588+08:00  INFO 109404 --- [restartedMain] w.s.c.ServletWebServerApplicationContext : Root WebApplicationContext: initialization completed in 2828 ms
2023-12-10T11:23:24.275+08:00  INFO 109404 --- [restartedMain] o.hibernate.jpa.internal.util.LogHelper  : HHH000204: Processing PersistenceUnitInfo [name: default]
2023-12-10T11:23:24.397+08:00  INFO 109404 --- [restartedMain] org.hibernate.Version                    : HHH000412: Hibernate ORM core version 6.2.13.Final
2023-12-10T11:23:24.403+08:00  INFO 109404 --- [restartedMain] org.hibernate.cfg.Environment            : HHH000406: Using bytecode reflection optimizer
2023-12-10T11:23:25.138+08:00  INFO 109404 --- [restartedMain] o.s.o.j.p.SpringPersistenceUnitInfo      : No LoadTimeWeaver setup: ignoring JPA class transformer
2023-12-10T11:23:25.222+08:00  INFO 109404 --- [restartedMain] com.zaxxer.hikari.HikariDataSource       : HikariPool-1 - Starting...
2023-12-10T11:23:25.911+08:00  INFO 109404 --- [restartedMain] com.zaxxer.hikari.pool.HikariPool        : HikariPool-1 - Added connection org.postgresql.jdbc.PgConnection@36a02fb7
2023-12-10T11:23:25.914+08:00  INFO 109404 --- [restartedMain] com.zaxxer.hikari.HikariDataSource       : HikariPool-1 - Start completed.
2023-12-10T11:23:25.980+08:00  WARN 109404 --- [restartedMain] org.hibernate.orm.deprecation            : HHH90000025: PostgreSQLDialect does not need to be specified explicitly using 'hibernate.dialect' (remove the property setting and it will be selected by default)
2023-12-10T11:23:27.197+08:00  INFO 109404 --- [restartedMain] o.h.e.t.j.p.i.JtaPlatformInitiator       : HHH000489: No JTA platform available (set 'hibernate.transaction.jta.platform' to enable JTA platform integration)
2023-12-10T11:23:27.298+08:00  INFO 109404 --- [restartedMain] j.LocalContainerEntityManagerFactoryBean : Initialized JPA EntityManagerFactory for persistence unit 'default'
2023-12-10T11:23:28.176+08:00  WARN 109404 --- [restartedMain] JpaBaseConfiguration$JpaWebConfiguration : spring.jpa.open-in-view is enabled by default. Therefore, database queries may be performed during view rendering. Explicitly configure spring.jpa.open-in-view to disable this warning
2023-12-10T11:23:28.534+08:00  INFO 109404 --- [restartedMain] o.s.s.web.DefaultSecurityFilterChain     : Will secure any request with [org.springframework.security.web.session.DisableEncodeUrlFilter@7644278b, org.springframework.security.web.context.request.async.WebAsyncManagerIntegrationFilter@1d783ff8, org.springframework.security.web.context.SecurityContextHolderFilter@73e3e6d8, org.springframework.security.web.header.HeaderWriterFilter@61506ecc, org.springframework.security.web.authentication.logout.LogoutFilter@3716fc0e, org.springframework.security.web.authentication.www.BasicAuthenticationFilter@b5c117a, org.springframework.security.web.savedrequest.RequestCacheAwareFilter@60b5333e, org.springframework.security.web.servletapi.SecurityContextHolderAwareRequestFilter@4112bdba, org.springframework.security.web.authentication.AnonymousAuthenticationFilter@5980e19c, org.springframework.security.web.access.ExceptionTranslationFilter@1bbf4b38, org.springframework.security.web.access.intercept.AuthorizationFilter@6d3900de]
2023-12-10T11:23:29.377+08:00  INFO 109404 --- [restartedMain] o.s.b.d.a.OptionalLiveReloadServer       : LiveReload server is running on port 35729
2023-12-10T11:23:29.385+08:00  INFO 109404 --- [restartedMain] o.s.b.a.e.web.EndpointLinksResolver      : Exposing 1 endpoint(s) beneath base path '/actuator'
2023-12-10T11:23:29.549+08:00  INFO 109404 --- [restartedMain] o.s.b.w.embedded.tomcat.TomcatWebServer  : Tomcat started on port(s): 8080 (http) with context path ''
2023-12-10T11:23:29.592+08:00  INFO 109404 --- [RMI TCP Connection(1)-127.0.0.1] o.a.c.c.C.[Tomcat].[localhost].[/]       : Initializing Spring DispatcherServlet 'dispatcherServlet'
2023-12-10T11:23:29.593+08:00  INFO 109404 --- [RMI TCP Connection(1)-127.0.0.1] o.s.web.servlet.DispatcherServlet        : Initializing Servlet 'dispatcherServlet'
2023-12-10T11:23:29.595+08:00  INFO 109404 --- [restartedMain] c.e.l.LibrarybookingsystemApplication    : Started LibrarybookingsystemApplication in 9.633 seconds (process running for 10.222)
2023-12-10T11:23:29.597+08:00  INFO 109404 --- [RMI TCP Connection(1)-127.0.0.1] o.s.web.servlet.DispatcherServlet        : Completed initialization in 3 ms
2023-12-10T11:24:23.742+08:00  WARN 109404 --- [http-nio-8080-exec-2] .m.m.a.ExceptionHandlerExceptionResolver : Resolved [org.springframework.web.bind.MethodArgumentNotValidException: Validation failed for argument [0] in public org.springframework.http.ResponseEntity<com.example.librarybookingsystem.Book> com.example.librarybookingsystem.BookController.createBook(com.example.librarybookingsystem.Book): [Field error in object 'book' on field 'genre': rejected value []; codes [NotBlank.book.genre,NotBlank.genre,NotBlank.java.lang.String,NotBlank]; arguments [org.springframework.context.support.DefaultMessageSourceResolvable: codes [book.genre,genre]; arguments []; default message [genre]]; default message [Genre is mandatory]] ]
2023-12-10T11:24:36.154+08:00  WARN 109404 --- [http-nio-8080-exec-3] .m.m.a.ExceptionHandlerExceptionResolver : Resolved [org.springframework.web.bind.MethodArgumentNotValidException: Validation failed for argument [0] in public org.springframework.http.ResponseEntity<com.example.librarybookingsystem.Book> com.example.librarybookingsystem.BookController.createBook(com.example.librarybookingsystem.Book): [Field error in object 'book' on field 'genre': rejected value []; codes [NotBlank.book.genre,NotBlank.genre,NotBlank.java.lang.String,NotBlank]; arguments [org.springframework.context.support.DefaultMessageSourceResolvable: codes [book.genre,genre]; arguments []; default message [genre]]; default message [Genre is mandatory]] ]
2023-12-10T11:25:43.959+08:00  WARN 109404 --- [http-nio-8080-exec-4] .m.m.a.ExceptionHandlerExceptionResolver : Resolved [org.springframework.web.bind.MethodArgumentNotValidException: Validation failed for argument [0] in public org.springframework.http.ResponseEntity<com.example.librarybookingsystem.Book> com.example.librarybookingsystem.BookController.createBook(com.example.librarybookingsystem.Book): [Field error in object 'book' on field 'genre': rejected value []; codes [NotBlank.book.genre,NotBlank.genre,NotBlank.java.lang.String,NotBlank]; arguments [org.springframework.context.support.DefaultMessageSourceResolvable: codes [book.genre,genre]; arguments []; default message [genre]]; default message [Genre is mandatory]] ]
2023-12-10T11:26:52.046+08:00  INFO 109404 --- [File Watcher] rtingClassPathChangeChangedEventListener : Restarting due to 2 class path changes (1 addition, 1 deletion, 0 modifications)
2023-12-10T11:26:52.062+08:00  INFO 109404 --- [Thread-5] o.apache.catalina.core.StandardService   : Stopping service [Tomcat]
2023-12-10T11:26:52.063+08:00  INFO 109404 --- [Thread-5] o.a.c.c.C.[Tomcat].[localhost].[/]       : Destroying Spring FrameworkServlet 'dispatcherServlet'
2023-12-10T11:26:52.082+08:00  INFO 109404 --- [Thread-5] j.LocalContainerEntityManagerFactoryBean : Closing JPA EntityManagerFactory for persistence unit 'default'
2023-12-10T11:26:52.091+08:00  INFO 109404 --- [Thread-5] com.zaxxer.hikari.HikariDataSource       : HikariPool-1 - Shutdown initiated...
2023-12-10T11:26:52.131+08:00  INFO 109404 --- [Thread-5] com.zaxxer.hikari.HikariDataSource       : HikariPool-1 - Shutdown completed.
2023-12-10T11:26:52.267+08:00  INFO 109404 --- [restartedMain] c.e.l.LibrarybookingsystemApplication    : Starting LibrarybookingsystemApplication using Java 17.0.8 with PID 109404 (/home/linux/NTU/SCTP Java Projects/copyout/librarybookingsystem/target/classes started by linux in /home/linux/NTU/SCTP Java Projects/copyout/librarybookingsystem)
2023-12-10T11:26:52.268+08:00  INFO 109404 --- [restartedMain] c.e.l.LibrarybookingsystemApplication    : The following 1 profile is active: "dev"
2023-12-10T11:26:52.751+08:00  INFO 109404 --- [restartedMain] .s.d.r.c.RepositoryConfigurationDelegate : Bootstrapping Spring Data JPA repositories in DEFAULT mode.
2023-12-10T11:26:52.770+08:00  INFO 109404 --- [restartedMain] .s.d.r.c.RepositoryConfigurationDelegate : Finished Spring Data repository scanning in 17 ms. Found 2 JPA repository interfaces.
2023-12-10T11:26:52.925+08:00  INFO 109404 --- [restartedMain] o.s.b.w.embedded.tomcat.TomcatWebServer  : Tomcat initialized with port(s): 8080 (http)
2023-12-10T11:26:52.926+08:00  INFO 109404 --- [restartedMain] o.apache.catalina.core.StandardService   : Starting service [Tomcat]
2023-12-10T11:26:52.927+08:00  INFO 109404 --- [restartedMain] o.apache.catalina.core.StandardEngine    : Starting Servlet engine: [Apache Tomcat/10.1.16]
2023-12-10T11:26:52.948+08:00  INFO 109404 --- [restartedMain] o.a.c.c.C.[Tomcat].[localhost].[/]       : Initializing Spring embedded WebApplicationContext
2023-12-10T11:26:52.949+08:00  INFO 109404 --- [restartedMain] w.s.c.ServletWebServerApplicationContext : Root WebApplicationContext: initialization completed in 676 ms
2023-12-10T11:26:53.063+08:00  INFO 109404 --- [restartedMain] o.hibernate.jpa.internal.util.LogHelper  : HHH000204: Processing PersistenceUnitInfo [name: default]
2023-12-10T11:26:53.069+08:00  INFO 109404 --- [restartedMain] o.s.o.j.p.SpringPersistenceUnitInfo      : No LoadTimeWeaver setup: ignoring JPA class transformer
2023-12-10T11:26:53.071+08:00  INFO 109404 --- [restartedMain] com.zaxxer.hikari.HikariDataSource       : HikariPool-2 - Starting...
2023-12-10T11:26:53.116+08:00  INFO 109404 --- [restartedMain] com.zaxxer.hikari.pool.HikariPool        : HikariPool-2 - Added connection org.postgresql.jdbc.PgConnection@7ead58e6
2023-12-10T11:26:53.117+08:00  INFO 109404 --- [restartedMain] com.zaxxer.hikari.HikariDataSource       : HikariPool-2 - Start completed.
2023-12-10T11:26:53.129+08:00  WARN 109404 --- [restartedMain] org.hibernate.orm.deprecation            : HHH90000025: PostgreSQLDialect does not need to be specified explicitly using 'hibernate.dialect' (remove the property setting and it will be selected by default)
2023-12-10T11:26:53.241+08:00  INFO 109404 --- [restartedMain] o.h.e.t.j.p.i.JtaPlatformInitiator       : HHH000489: No JTA platform available (set 'hibernate.transaction.jta.platform' to enable JTA platform integration)
2023-12-10T11:26:53.309+08:00  INFO 109404 --- [restartedMain] j.LocalContainerEntityManagerFactoryBean : Initialized JPA EntityManagerFactory for persistence unit 'default'
2023-12-10T11:26:53.553+08:00  WARN 109404 --- [restartedMain] JpaBaseConfiguration$JpaWebConfiguration : spring.jpa.open-in-view is enabled by default. Therefore, database queries may be performed during view rendering. Explicitly configure spring.jpa.open-in-view to disable this warning
2023-12-10T11:26:53.712+08:00  INFO 109404 --- [restartedMain] o.s.s.web.DefaultSecurityFilterChain     : Will secure any request with [org.springframework.security.web.session.DisableEncodeUrlFilter@6b751a0, org.springframework.security.web.context.request.async.WebAsyncManagerIntegrationFilter@55e032b6, org.springframework.security.web.context.SecurityContextHolderFilter@6a6d61ec, org.springframework.security.web.header.HeaderWriterFilter@7942e3ea, org.springframework.security.web.authentication.logout.LogoutFilter@4e700cbd, org.springframework.security.web.authentication.www.BasicAuthenticationFilter@486ca9f4, org.springframework.security.web.savedrequest.RequestCacheAwareFilter@1f7d10f4, org.springframework.security.web.servletapi.SecurityContextHolderAwareRequestFilter@21209cdf, org.springframework.security.web.authentication.AnonymousAuthenticationFilter@3e4001cb, org.springframework.security.web.access.ExceptionTranslationFilter@b06bcb8, org.springframework.security.web.access.intercept.AuthorizationFilter@1c1eeab3]
2023-12-10T11:26:53.928+08:00  INFO 109404 --- [restartedMain] o.s.b.d.a.OptionalLiveReloadServer       : LiveReload server is running on port 35729
2023-12-10T11:26:53.932+08:00  INFO 109404 --- [restartedMain] o.s.b.a.e.web.EndpointLinksResolver      : Exposing 1 endpoint(s) beneath base path '/actuator'
2023-12-10T11:26:53.973+08:00  INFO 109404 --- [restartedMain] o.s.b.w.embedded.tomcat.TomcatWebServer  : Tomcat started on port(s): 8080 (http) with context path ''
2023-12-10T11:26:53.987+08:00  INFO 109404 --- [restartedMain] c.e.l.LibrarybookingsystemApplication    : Started LibrarybookingsystemApplication in 1.772 seconds (process running for 214.614)
2023-12-10T11:26:53.992+08:00  INFO 109404 --- [restartedMain] .ConditionEvaluationDeltaLoggingListener : Condition evaluation unchanged
2023-12-10T11:26:59.870+08:00  INFO 109404 --- [http-nio-8080-exec-1] o.a.c.c.C.[Tomcat].[localhost].[/]       : Initializing Spring DispatcherServlet 'dispatcherServlet'
2023-12-10T11:26:59.871+08:00  INFO 109404 --- [http-nio-8080-exec-1] o.s.web.servlet.DispatcherServlet        : Initializing Servlet 'dispatcherServlet'
2023-12-10T11:26:59.872+08:00  INFO 109404 --- [http-nio-8080-exec-1] o.s.web.servlet.DispatcherServlet        : Completed initialization in 1 ms
2023-12-10T11:27:02.618+08:00  WARN 109404 --- [http-nio-8080-exec-2] .w.s.m.s.DefaultHandlerExceptionResolver : Resolved [org.springframework.web.bind.MethodArgumentNotValidException: Validation failed for argument [0] in public org.springframework.http.ResponseEntity<com.example.librarybookingsystem.Book> com.example.librarybookingsystem.BookController.createBook(com.example.librarybookingsystem.Book): [Field error in object 'book' on field 'genre': rejected value []; codes [NotBlank.book.genre,NotBlank.genre,NotBlank.java.lang.String,NotBlank]; arguments [org.springframework.context.support.DefaultMessageSourceResolvable: codes [book.genre,genre]; arguments []; default message [genre]]; default message [Genre is mandatory]] ]
2023-12-10T11:27:25.370+08:00  INFO 109404 --- [File Watcher] rtingClassPathChangeChangedEventListener : Restarting due to 2 class path changes (1 addition, 1 deletion, 0 modifications)
2023-12-10T11:27:25.373+08:00  INFO 109404 --- [Thread-7] o.apache.catalina.core.StandardService   : Stopping service [Tomcat]
2023-12-10T11:27:25.374+08:00  INFO 109404 --- [Thread-7] o.a.c.c.C.[Tomcat].[localhost].[/]       : Destroying Spring FrameworkServlet 'dispatcherServlet'
2023-12-10T11:27:25.379+08:00  INFO 109404 --- [Thread-7] j.LocalContainerEntityManagerFactoryBean : Closing JPA EntityManagerFactory for persistence unit 'default'
2023-12-10T11:27:25.380+08:00  INFO 109404 --- [Thread-7] com.zaxxer.hikari.HikariDataSource       : HikariPool-2 - Shutdown initiated...
2023-12-10T11:27:25.386+08:00  INFO 109404 --- [Thread-7] com.zaxxer.hikari.HikariDataSource       : HikariPool-2 - Shutdown completed.
2023-12-10T11:27:25.511+08:00  INFO 109404 --- [restartedMain] c.e.l.LibrarybookingsystemApplication    : Starting LibrarybookingsystemApplication using Java 17.0.8 with PID 109404 (/home/linux/NTU/SCTP Java Projects/copyout/librarybookingsystem/target/classes started by linux in /home/linux/NTU/SCTP Java Projects/copyout/librarybookingsystem)
2023-12-10T11:27:25.511+08:00  INFO 109404 --- [restartedMain] c.e.l.LibrarybookingsystemApplication    : The following 1 profile is active: "dev"
2023-12-10T11:27:26.017+08:00  INFO 109404 --- [restartedMain] .s.d.r.c.RepositoryConfigurationDelegate : Bootstrapping Spring Data JPA repositories in DEFAULT mode.
2023-12-10T11:27:26.048+08:00  INFO 109404 --- [restartedMain] .s.d.r.c.RepositoryConfigurationDelegate : Finished Spring Data repository scanning in 30 ms. Found 2 JPA repository interfaces.
2023-12-10T11:27:26.304+08:00  INFO 109404 --- [restartedMain] o.s.b.w.embedded.tomcat.TomcatWebServer  : Tomcat initialized with port(s): 8080 (http)
2023-12-10T11:27:26.306+08:00  INFO 109404 --- [restartedMain] o.apache.catalina.core.StandardService   : Starting service [Tomcat]
2023-12-10T11:27:26.306+08:00  INFO 109404 --- [restartedMain] o.apache.catalina.core.StandardEngine    : Starting Servlet engine: [Apache Tomcat/10.1.16]
2023-12-10T11:27:26.341+08:00  INFO 109404 --- [restartedMain] o.a.c.c.C.[Tomcat].[localhost].[/]       : Initializing Spring embedded WebApplicationContext
2023-12-10T11:27:26.341+08:00  INFO 109404 --- [restartedMain] w.s.c.ServletWebServerApplicationContext : Root WebApplicationContext: initialization completed in 826 ms
2023-12-10T11:27:26.489+08:00  INFO 109404 --- [restartedMain] o.hibernate.jpa.internal.util.LogHelper  : HHH000204: Processing PersistenceUnitInfo [name: default]
2023-12-10T11:27:26.497+08:00  INFO 109404 --- [restartedMain] o.s.o.j.p.SpringPersistenceUnitInfo      : No LoadTimeWeaver setup: ignoring JPA class transformer
2023-12-10T11:27:26.498+08:00  INFO 109404 --- [restartedMain] com.zaxxer.hikari.HikariDataSource       : HikariPool-3 - Starting...
2023-12-10T11:27:26.563+08:00  INFO 109404 --- [restartedMain] com.zaxxer.hikari.pool.HikariPool        : HikariPool-3 - Added connection org.postgresql.jdbc.PgConnection@7ec2a89d
2023-12-10T11:27:26.564+08:00  INFO 109404 --- [restartedMain] com.zaxxer.hikari.HikariDataSource       : HikariPool-3 - Start completed.
2023-12-10T11:27:26.578+08:00  WARN 109404 --- [restartedMain] org.hibernate.orm.deprecation            : HHH90000025: PostgreSQLDialect does not need to be specified explicitly using 'hibernate.dialect' (remove the property setting and it will be selected by default)
2023-12-10T11:27:26.737+08:00  INFO 109404 --- [restartedMain] o.h.e.t.j.p.i.JtaPlatformInitiator       : HHH000489: No JTA platform available (set 'hibernate.transaction.jta.platform' to enable JTA platform integration)
2023-12-10T11:27:26.819+08:00  INFO 109404 --- [restartedMain] j.LocalContainerEntityManagerFactoryBean : Initialized JPA EntityManagerFactory for persistence unit 'default'
2023-12-10T11:27:27.146+08:00  WARN 109404 --- [restartedMain] JpaBaseConfiguration$JpaWebConfiguration : spring.jpa.open-in-view is enabled by default. Therefore, database queries may be performed during view rendering. Explicitly configure spring.jpa.open-in-view to disable this warning
2023-12-10T11:27:27.309+08:00  INFO 109404 --- [restartedMain] o.s.s.web.DefaultSecurityFilterChain     : Will secure any request with [org.springframework.security.web.session.DisableEncodeUrlFilter@504775c2, org.springframework.security.web.context.request.async.WebAsyncManagerIntegrationFilter@540990bd, org.springframework.security.web.context.SecurityContextHolderFilter@53fb0b66, org.springframework.security.web.header.HeaderWriterFilter@659104e1, org.springframework.security.web.authentication.logout.LogoutFilter@182f2560, org.springframework.security.web.authentication.www.BasicAuthenticationFilter@312252a3, org.springframework.security.web.savedrequest.RequestCacheAwareFilter@777dd572, org.springframework.security.web.servletapi.SecurityContextHolderAwareRequestFilter@7edf096b, org.springframework.security.web.authentication.AnonymousAuthenticationFilter@40ed3a38, org.springframework.security.web.access.ExceptionTranslationFilter@1523810f, org.springframework.security.web.access.intercept.AuthorizationFilter@7f26044]
2023-12-10T11:27:27.602+08:00  INFO 109404 --- [restartedMain] o.s.b.d.a.OptionalLiveReloadServer       : LiveReload server is running on port 35729
2023-12-10T11:27:27.605+08:00  INFO 109404 --- [restartedMain] o.s.b.a.e.web.EndpointLinksResolver      : Exposing 1 endpoint(s) beneath base path '/actuator'
2023-12-10T11:27:27.633+08:00  INFO 109404 --- [restartedMain] o.s.b.w.embedded.tomcat.TomcatWebServer  : Tomcat started on port(s): 8080 (http) with context path ''
2023-12-10T11:27:27.645+08:00  INFO 109404 --- [restartedMain] c.e.l.LibrarybookingsystemApplication    : Started LibrarybookingsystemApplication in 2.192 seconds (process running for 248.272)
2023-12-10T11:27:27.649+08:00  INFO 109404 --- [restartedMain] .ConditionEvaluationDeltaLoggingListener : Condition evaluation unchanged
2023-12-10T11:28:24.793+08:00  INFO 109404 --- [http-nio-8080-exec-1] o.a.c.c.C.[Tomcat].[localhost].[/]       : Initializing Spring DispatcherServlet 'dispatcherServlet'
2023-12-10T11:28:24.794+08:00  INFO 109404 --- [http-nio-8080-exec-1] o.s.web.servlet.DispatcherServlet        : Initializing Servlet 'dispatcherServlet'
2023-12-10T11:28:24.796+08:00  INFO 109404 --- [http-nio-8080-exec-1] o.s.web.servlet.DispatcherServlet        : Completed initialization in 2 ms
2023-12-10T11:28:24.958+08:00  WARN 109404 --- [http-nio-8080-exec-1] .m.m.a.ExceptionHandlerExceptionResolver : Resolved [org.springframework.web.bind.MethodArgumentNotValidException: Validation failed for argument [0] in public org.springframework.http.ResponseEntity<com.example.librarybookingsystem.Book> com.example.librarybookingsystem.BookController.createBook(com.example.librarybookingsystem.Book): [Field error in object 'book' on field 'genre': rejected value []; codes [NotBlank.book.genre,NotBlank.genre,NotBlank.java.lang.String,NotBlank]; arguments [org.springframework.context.support.DefaultMessageSourceResolvable: codes [book.genre,genre]; arguments []; default message [genre]]; default message [Genre is mandatory]] ]
2023-12-10T11:28:43.760+08:00  WARN 109404 --- [http-nio-8080-exec-2] .m.m.a.ExceptionHandlerExceptionResolver : Resolved [org.springframework.web.bind.MethodArgumentNotValidException: Validation failed for argument [0] in public org.springframework.http.ResponseEntity<com.example.librarybookingsystem.Book> com.example.librarybookingsystem.BookController.createBook(com.example.librarybookingsystem.Book): [Field error in object 'book' on field 'title': rejected value []; codes [NotBlank.book.title,NotBlank.title,NotBlank.java.lang.String,NotBlank]; arguments [org.springframework.context.support.DefaultMessageSourceResolvable: codes [book.title,title]; arguments []; default message [title]]; default message [Title is mandatory]] ]
2023-12-10T11:29:02.244+08:00  WARN 109404 --- [http-nio-8080-exec-4] .m.m.a.ExceptionHandlerExceptionResolver : Resolved [org.springframework.web.bind.MethodArgumentNotValidException: Validation failed for argument [0] in public org.springframework.http.ResponseEntity<com.example.librarybookingsystem.Book> com.example.librarybookingsystem.BookController.createBook(com.example.librarybookingsystem.Book): [Field error in object 'book' on field 'quantity': rejected value [-9]; codes [Min.book.quantity,Min.quantity,Min.int,Min]; arguments [org.springframework.context.support.DefaultMessageSourceResolvable: codes [book.quantity,quantity]; arguments []; default message [quantity],0]; default message [Quantity cannot be less than 0]] ]
2023-12-10T11:32:43.388+08:00  INFO 109404 --- [File Watcher] rtingClassPathChangeChangedEventListener : Restarting due to 1 class path change (0 additions, 0 deletions, 1 modification)
2023-12-10T11:32:43.392+08:00  INFO 109404 --- [Thread-11] o.apache.catalina.core.StandardService   : Stopping service [Tomcat]
2023-12-10T11:32:43.393+08:00  INFO 109404 --- [Thread-11] o.a.c.c.C.[Tomcat].[localhost].[/]       : Destroying Spring FrameworkServlet 'dispatcherServlet'
2023-12-10T11:32:43.401+08:00  INFO 109404 --- [Thread-11] j.LocalContainerEntityManagerFactoryBean : Closing JPA EntityManagerFactory for persistence unit 'default'
2023-12-10T11:32:43.402+08:00  INFO 109404 --- [Thread-11] com.zaxxer.hikari.HikariDataSource       : HikariPool-3 - Shutdown initiated...
2023-12-10T11:32:43.420+08:00  INFO 109404 --- [Thread-11] com.zaxxer.hikari.HikariDataSource       : HikariPool-3 - Shutdown completed.
2023-12-10T11:32:43.530+08:00  INFO 109404 --- [restartedMain] c.e.l.LibrarybookingsystemApplication    : Starting LibrarybookingsystemApplication using Java 17.0.8 with PID 109404 (/home/linux/NTU/SCTP Java Projects/copyout/librarybookingsystem/target/classes started by linux in /home/linux/NTU/SCTP Java Projects/copyout/librarybookingsystem)
2023-12-10T11:32:43.530+08:00  INFO 109404 --- [restartedMain] c.e.l.LibrarybookingsystemApplication    : The following 1 profile is active: "dev"
2023-12-10T11:32:43.827+08:00  INFO 109404 --- [restartedMain] .s.d.r.c.RepositoryConfigurationDelegate : Bootstrapping Spring Data JPA repositories in DEFAULT mode.
2023-12-10T11:32:43.841+08:00  INFO 109404 --- [restartedMain] .s.d.r.c.RepositoryConfigurationDelegate : Finished Spring Data repository scanning in 13 ms. Found 2 JPA repository interfaces.
2023-12-10T11:32:43.961+08:00  INFO 109404 --- [restartedMain] o.s.b.w.embedded.tomcat.TomcatWebServer  : Tomcat initialized with port(s): 8080 (http)
2023-12-10T11:32:43.962+08:00  INFO 109404 --- [restartedMain] o.apache.catalina.core.StandardService   : Starting service [Tomcat]
2023-12-10T11:32:43.963+08:00  INFO 109404 --- [restartedMain] o.apache.catalina.core.StandardEngine    : Starting Servlet engine: [Apache Tomcat/10.1.16]
2023-12-10T11:32:43.978+08:00  INFO 109404 --- [restartedMain] o.a.c.c.C.[Tomcat].[localhost].[/]       : Initializing Spring embedded WebApplicationContext
2023-12-10T11:32:43.978+08:00  INFO 109404 --- [restartedMain] w.s.c.ServletWebServerApplicationContext : Root WebApplicationContext: initialization completed in 446 ms
2023-12-10T11:32:44.067+08:00  INFO 109404 --- [restartedMain] o.hibernate.jpa.internal.util.LogHelper  : HHH000204: Processing PersistenceUnitInfo [name: default]
2023-12-10T11:32:44.072+08:00  INFO 109404 --- [restartedMain] o.s.o.j.p.SpringPersistenceUnitInfo      : No LoadTimeWeaver setup: ignoring JPA class transformer
2023-12-10T11:32:44.074+08:00  INFO 109404 --- [restartedMain] com.zaxxer.hikari.HikariDataSource       : HikariPool-4 - Starting...
2023-12-10T11:32:44.136+08:00  INFO 109404 --- [restartedMain] com.zaxxer.hikari.pool.HikariPool        : HikariPool-4 - Added connection org.postgresql.jdbc.PgConnection@3089dd9e
2023-12-10T11:32:44.137+08:00  INFO 109404 --- [restartedMain] com.zaxxer.hikari.HikariDataSource       : HikariPool-4 - Start completed.
2023-12-10T11:32:44.155+08:00  WARN 109404 --- [restartedMain] org.hibernate.orm.deprecation            : HHH90000025: PostgreSQLDialect does not need to be specified explicitly using 'hibernate.dialect' (remove the property setting and it will be selected by default)
2023-12-10T11:32:44.260+08:00  INFO 109404 --- [restartedMain] o.h.e.t.j.p.i.JtaPlatformInitiator       : HHH000489: No JTA platform available (set 'hibernate.transaction.jta.platform' to enable JTA platform integration)
2023-12-10T11:32:44.339+08:00  INFO 109404 --- [restartedMain] j.LocalContainerEntityManagerFactoryBean : Initialized JPA EntityManagerFactory for persistence unit 'default'
2023-12-10T11:32:44.606+08:00  WARN 109404 --- [restartedMain] JpaBaseConfiguration$JpaWebConfiguration : spring.jpa.open-in-view is enabled by default. Therefore, database queries may be performed during view rendering. Explicitly configure spring.jpa.open-in-view to disable this warning
2023-12-10T11:32:44.768+08:00  INFO 109404 --- [restartedMain] o.s.s.web.DefaultSecurityFilterChain     : Will secure any request with [org.springframework.security.web.session.DisableEncodeUrlFilter@2cc7a3b1, org.springframework.security.web.context.request.async.WebAsyncManagerIntegrationFilter@58a5b9e0, org.springframework.security.web.context.SecurityContextHolderFilter@5bf0b051, org.springframework.security.web.header.HeaderWriterFilter@3fc2aa76, org.springframework.security.web.authentication.logout.LogoutFilter@63d530a3, org.springframework.security.web.authentication.www.BasicAuthenticationFilter@66ddd7e1, org.springframework.security.web.savedrequest.RequestCacheAwareFilter@50846fc6, org.springframework.security.web.servletapi.SecurityContextHolderAwareRequestFilter@17c2e4e1, org.springframework.security.web.authentication.AnonymousAuthenticationFilter@452bb90, org.springframework.security.web.access.ExceptionTranslationFilter@46c02827, org.springframework.security.web.access.intercept.AuthorizationFilter@10398256]
2023-12-10T11:32:44.975+08:00  INFO 109404 --- [restartedMain] o.s.b.d.a.OptionalLiveReloadServer       : LiveReload server is running on port 35729
2023-12-10T11:32:44.979+08:00  INFO 109404 --- [restartedMain] o.s.b.a.e.web.EndpointLinksResolver      : Exposing 1 endpoint(s) beneath base path '/actuator'
2023-12-10T11:32:45.005+08:00  INFO 109404 --- [restartedMain] o.s.b.w.embedded.tomcat.TomcatWebServer  : Tomcat started on port(s): 8080 (http) with context path ''
2023-12-10T11:32:45.015+08:00  INFO 109404 --- [restartedMain] c.e.l.LibrarybookingsystemApplication    : Started LibrarybookingsystemApplication in 1.515 seconds (process running for 565.642)
2023-12-10T11:32:45.018+08:00  INFO 109404 --- [restartedMain] .ConditionEvaluationDeltaLoggingListener : Condition evaluation unchanged
2023-12-10T11:33:00.580+08:00  INFO 109404 --- [SpringApplicationShutdownHook] j.LocalContainerEntityManagerFactoryBean : Closing JPA EntityManagerFactory for persistence unit 'default'
2023-12-10T11:33:00.581+08:00  INFO 109404 --- [SpringApplicationShutdownHook] com.zaxxer.hikari.HikariDataSource       : HikariPool-4 - Shutdown initiated...
2023-12-10T11:33:00.588+08:00  INFO 109404 --- [SpringApplicationShutdownHook] com.zaxxer.hikari.HikariDataSource       : HikariPool-4 - Shutdown completed.
2023-12-10T11:33:14.205+08:00  INFO 118572 --- [restartedMain] c.e.l.LibrarybookingsystemApplication    : Starting LibrarybookingsystemApplication using Java 17.0.8 with PID 118572 (/home/linux/NTU/SCTP Java Projects/copyout/librarybookingsystem/target/classes started by linux in /home/linux/NTU/SCTP Java Projects/copyout/librarybookingsystem)
2023-12-10T11:33:14.208+08:00  INFO 118572 --- [restartedMain] c.e.l.LibrarybookingsystemApplication    : The following 1 profile is active: "dev"
2023-12-10T11:33:14.291+08:00  INFO 118572 --- [restartedMain] .e.DevToolsPropertyDefaultsPostProcessor : Devtools property defaults active! Set 'spring.devtools.add-properties' to 'false' to disable
2023-12-10T11:33:14.292+08:00  INFO 118572 --- [restartedMain] .e.DevToolsPropertyDefaultsPostProcessor : For additional web related logging consider setting the 'logging.level.web' property to 'DEBUG'
2023-12-10T11:33:15.059+08:00  INFO 118572 --- [restartedMain] .s.d.r.c.RepositoryConfigurationDelegate : Bootstrapping Spring Data JPA repositories in DEFAULT mode.
2023-12-10T11:33:15.124+08:00  INFO 118572 --- [restartedMain] .s.d.r.c.RepositoryConfigurationDelegate : Finished Spring Data repository scanning in 57 ms. Found 2 JPA repository interfaces.
2023-12-10T11:33:15.552+08:00  INFO 118572 --- [restartedMain] o.s.b.w.embedded.tomcat.TomcatWebServer  : Tomcat initialized with port(s): 8080 (http)
2023-12-10T11:33:15.560+08:00  INFO 118572 --- [restartedMain] o.apache.catalina.core.StandardService   : Starting service [Tomcat]
2023-12-10T11:33:15.560+08:00  INFO 118572 --- [restartedMain] o.apache.catalina.core.StandardEngine    : Starting Servlet engine: [Apache Tomcat/10.1.16]
2023-12-10T11:33:15.613+08:00  INFO 118572 --- [restartedMain] o.a.c.c.C.[Tomcat].[localhost].[/]       : Initializing Spring embedded WebApplicationContext
2023-12-10T11:33:15.614+08:00  INFO 118572 --- [restartedMain] w.s.c.ServletWebServerApplicationContext : Root WebApplicationContext: initialization completed in 1320 ms
2023-12-10T11:33:15.776+08:00  INFO 118572 --- [restartedMain] o.hibernate.jpa.internal.util.LogHelper  : HHH000204: Processing PersistenceUnitInfo [name: default]
2023-12-10T11:33:15.820+08:00  INFO 118572 --- [restartedMain] org.hibernate.Version                    : HHH000412: Hibernate ORM core version 6.2.13.Final
2023-12-10T11:33:15.822+08:00  INFO 118572 --- [restartedMain] org.hibernate.cfg.Environment            : HHH000406: Using bytecode reflection optimizer
2023-12-10T11:33:15.998+08:00  INFO 118572 --- [restartedMain] o.s.o.j.p.SpringPersistenceUnitInfo      : No LoadTimeWeaver setup: ignoring JPA class transformer
2023-12-10T11:33:16.032+08:00  INFO 118572 --- [restartedMain] com.zaxxer.hikari.HikariDataSource       : HikariPool-1 - Starting...
2023-12-10T11:33:16.238+08:00  INFO 118572 --- [restartedMain] com.zaxxer.hikari.pool.HikariPool        : HikariPool-1 - Added connection org.postgresql.jdbc.PgConnection@2f0c6635
2023-12-10T11:33:16.239+08:00  INFO 118572 --- [restartedMain] com.zaxxer.hikari.HikariDataSource       : HikariPool-1 - Start completed.
2023-12-10T11:33:16.267+08:00  WARN 118572 --- [restartedMain] org.hibernate.orm.deprecation            : HHH90000025: PostgreSQLDialect does not need to be specified explicitly using 'hibernate.dialect' (remove the property setting and it will be selected by default)
2023-12-10T11:33:16.916+08:00  INFO 118572 --- [restartedMain] o.h.e.t.j.p.i.JtaPlatformInitiator       : HHH000489: No JTA platform available (set 'hibernate.transaction.jta.platform' to enable JTA platform integration)
2023-12-10T11:33:16.985+08:00  INFO 118572 --- [restartedMain] j.LocalContainerEntityManagerFactoryBean : Initialized JPA EntityManagerFactory for persistence unit 'default'
2023-12-10T11:33:17.519+08:00  WARN 118572 --- [restartedMain] JpaBaseConfiguration$JpaWebConfiguration : spring.jpa.open-in-view is enabled by default. Therefore, database queries may be performed during view rendering. Explicitly configure spring.jpa.open-in-view to disable this warning
2023-12-10T11:33:17.701+08:00  INFO 118572 --- [restartedMain] o.s.s.web.DefaultSecurityFilterChain     : Will secure any request with [org.springframework.security.web.session.DisableEncodeUrlFilter@35b21be1, org.springframework.security.web.context.request.async.WebAsyncManagerIntegrationFilter@293c9495, org.springframework.security.web.context.SecurityContextHolderFilter@1ae663a8, org.springframework.security.web.header.HeaderWriterFilter@6e708b36, org.springframework.security.web.authentication.logout.LogoutFilter@5685e7e6, org.springframework.security.web.authentication.www.BasicAuthenticationFilter@5e885359, org.springframework.security.web.savedrequest.RequestCacheAwareFilter@58a8dcc5, org.springframework.security.web.servletapi.SecurityContextHolderAwareRequestFilter@4a5f7a3, org.springframework.security.web.authentication.AnonymousAuthenticationFilter@384cbf95, org.springframework.security.web.access.ExceptionTranslationFilter@705449e1, org.springframework.security.web.access.intercept.AuthorizationFilter@6dc54c4]
2023-12-10T11:33:18.016+08:00  INFO 118572 --- [restartedMain] o.s.b.d.a.OptionalLiveReloadServer       : LiveReload server is running on port 35729
2023-12-10T11:33:18.024+08:00  INFO 118572 --- [restartedMain] o.s.b.a.e.web.EndpointLinksResolver      : Exposing 1 endpoint(s) beneath base path '/actuator'
2023-12-10T11:33:18.112+08:00  INFO 118572 --- [restartedMain] o.s.b.w.embedded.tomcat.TomcatWebServer  : Tomcat started on port(s): 8080 (http) with context path ''
2023-12-10T11:33:18.130+08:00  INFO 118572 --- [restartedMain] c.e.l.LibrarybookingsystemApplication    : Started LibrarybookingsystemApplication in 4.314 seconds (process running for 4.666)
2023-12-10T11:33:43.840+08:00  INFO 118572 --- [http-nio-8080-exec-1] o.a.c.c.C.[Tomcat].[localhost].[/]       : Initializing Spring DispatcherServlet 'dispatcherServlet'
2023-12-10T11:33:43.840+08:00  INFO 118572 --- [http-nio-8080-exec-1] o.s.web.servlet.DispatcherServlet        : Initializing Servlet 'dispatcherServlet'
2023-12-10T11:33:43.841+08:00  INFO 118572 --- [http-nio-8080-exec-1] o.s.web.servlet.DispatcherServlet        : Completed initialization in 1 ms
2023-12-10T11:34:13.213+08:00  WARN 118572 --- [http-nio-8080-exec-2] .m.m.a.ExceptionHandlerExceptionResolver : Resolved [org.springframework.web.bind.MethodArgumentNotValidException: Validation failed for argument [0] in public org.springframework.http.ResponseEntity<com.example.librarybookingsystem.Book> com.example.librarybookingsystem.BookController.createBook(com.example.librarybookingsystem.Book): [Field error in object 'book' on field 'quantity': rejected value [-22]; codes [Min.book.quantity,Min.quantity,Min.int,Min]; arguments [org.springframework.context.support.DefaultMessageSourceResolvable: codes [book.quantity,quantity]; arguments []; default message [quantity],0]; default message [Quantity cannot be less than 0]] ]
2023-12-10T11:34:40.583+08:00  WARN 118572 --- [http-nio-8080-exec-3] .m.m.a.ExceptionHandlerExceptionResolver : Resolved [org.springframework.web.bind.MethodArgumentNotValidException: Validation failed for argument [0] in public org.springframework.http.ResponseEntity<com.example.librarybookingsystem.entities.Learner> com.example.librarybookingsystem.controllers.LearnerController.createLearner(com.example.librarybookingsystem.entities.Learner) with 2 errors: [Field error in object 'learner' on field 'firstName': rejected value [null]; codes [NotBlank.learner.firstName,NotBlank.firstName,NotBlank.java.lang.String,NotBlank]; arguments [org.springframework.context.support.DefaultMessageSourceResolvable: codes [learner.firstName,firstName]; arguments []; default message [firstName]]; default message [First name is mandatory]] [Field error in object 'learner' on field 'lastName': rejected value [null]; codes [NotBlank.learner.lastName,NotBlank.lastName,NotBlank.java.lang.String,NotBlank]; arguments [org.springframework.context.support.DefaultMessageSourceResolvable: codes [learner.lastName,lastName]; arguments []; default message [lastName]]; default message [Last name is mandatory]] ]
2023-12-10T11:35:01.270+08:00  WARN 118572 --- [http-nio-8080-exec-5] .m.m.a.ExceptionHandlerExceptionResolver : Resolved [org.springframework.web.bind.MethodArgumentNotValidException: Validation failed for argument [0] in public org.springframework.http.ResponseEntity<com.example.librarybookingsystem.entities.Learner> com.example.librarybookingsystem.controllers.LearnerController.createLearner(com.example.librarybookingsystem.entities.Learner): [Field error in object 'learner' on field 'firstName': rejected value []; codes [NotBlank.learner.firstName,NotBlank.firstName,NotBlank.java.lang.String,NotBlank]; arguments [org.springframework.context.support.DefaultMessageSourceResolvable: codes [learner.firstName,firstName]; arguments []; default message [firstName]]; default message [First name is mandatory]] ]
2023-12-10T11:35:34.973+08:00  INFO 118572 --- [SpringApplicationShutdownHook] j.LocalContainerEntityManagerFactoryBean : Closing JPA EntityManagerFactory for persistence unit 'default'
2023-12-10T11:35:34.978+08:00  INFO 118572 --- [SpringApplicationShutdownHook] com.zaxxer.hikari.HikariDataSource       : HikariPool-1 - Shutdown initiated...
2023-12-10T11:35:34.987+08:00  INFO 118572 --- [SpringApplicationShutdownHook] com.zaxxer.hikari.HikariDataSource       : HikariPool-1 - Shutdown completed.
